{"C:\\Users\\Bilal El Bedoui\\Documents\\skylab\\bootcamp\\collab\\skylab-bootcamp-201904\\staff\\bilal-elbedoui\\medyes\\medyes-api\\logic\\index.spec.js":{"path":"C:\\Users\\Bilal El Bedoui\\Documents\\skylab\\bootcamp\\collab\\skylab-bootcamp-201904\\staff\\bilal-elbedoui\\medyes\\medyes-api\\logic\\index.spec.js","statementMap":{"0":{"start":{"line":1,"column":104},"end":{"line":1,"column":126}},"1":{"start":{"line":2,"column":14},"end":{"line":2,"column":26}},"2":{"start":{"line":3,"column":19},"end":{"line":3,"column":34}},"3":{"start":{"line":8,"column":0},"end":{"line":878,"column":2}},"4":{"start":{"line":10,"column":4},"end":{"line":12,"column":6}},"5":{"start":{"line":11,"column":7},"end":{"line":11,"column":93}},"6":{"start":{"line":14,"column":4},"end":{"line":23,"column":6}},"7":{"start":{"line":15,"column":8},"end":{"line":15,"column":31}},"8":{"start":{"line":16,"column":7},"end":{"line":16,"column":15}},"9":{"start":{"line":17,"column":7},"end":{"line":17,"column":199}},"10":{"start":{"line":18,"column":7},"end":{"line":18,"column":15}},"11":{"start":{"line":19,"column":7},"end":{"line":19,"column":34}},"12":{"start":{"line":20,"column":7},"end":{"line":20,"column":15}},"13":{"start":{"line":21,"column":7},"end":{"line":21,"column":29}},"14":{"start":{"line":25,"column":4},"end":{"line":99,"column":6}},"15":{"start":{"line":29,"column":8},"end":{"line":34,"column":10}},"16":{"start":{"line":31,"column":12},"end":{"line":31,"column":43}},"17":{"start":{"line":33,"column":12},"end":{"line":33,"column":75}},"18":{"start":{"line":35,"column":8},"end":{"line":62,"column":10}},"19":{"start":{"line":37,"column":12},"end":{"line":42,"column":14}},"20":{"start":{"line":38,"column":16},"end":{"line":38,"column":74}},"21":{"start":{"line":40,"column":16},"end":{"line":40,"column":49}},"22":{"start":{"line":41,"column":16},"end":{"line":41,"column":49}},"23":{"start":{"line":43,"column":12},"end":{"line":52,"column":14}},"24":{"start":{"line":44,"column":16},"end":{"line":51,"column":17}},"25":{"start":{"line":45,"column":20},"end":{"line":45,"column":28}},"26":{"start":{"line":47,"column":20},"end":{"line":47,"column":78}},"27":{"start":{"line":49,"column":20},"end":{"line":49,"column":61}},"28":{"start":{"line":50,"column":20},"end":{"line":50,"column":77}},"29":{"start":{"line":53,"column":12},"end":{"line":61,"column":14}},"30":{"start":{"line":54,"column":16},"end":{"line":60,"column":17}},"31":{"start":{"line":55,"column":20},"end":{"line":55,"column":123}},"32":{"start":{"line":56,"column":20},"end":{"line":56,"column":78}},"33":{"start":{"line":58,"column":20},"end":{"line":58,"column":61}},"34":{"start":{"line":59,"column":20},"end":{"line":59,"column":212}},"35":{"start":{"line":63,"column":8},"end":{"line":74,"column":10}},"36":{"start":{"line":65,"column":12},"end":{"line":66,"column":13}},"37":{"start":{"line":65,"column":35},"end":{"line":65,"column":93}},"38":{"start":{"line":67,"column":12},"end":{"line":73,"column":14}},"39":{"start":{"line":68,"column":39},"end":{"line":68,"column":72}},"40":{"start":{"line":70,"column":16},"end":{"line":70,"column":58}},"41":{"start":{"line":71,"column":16},"end":{"line":71,"column":50}},"42":{"start":{"line":72,"column":16},"end":{"line":72,"column":64}},"43":{"start":{"line":75,"column":8},"end":{"line":98,"column":10}},"44":{"start":{"line":78,"column":12},"end":{"line":78,"column":75}},"45":{"start":{"line":80,"column":12},"end":{"line":93,"column":14}},"46":{"start":{"line":82,"column":16},"end":{"line":82,"column":66}},"47":{"start":{"line":83,"column":16},"end":{"line":83,"column":66}},"48":{"start":{"line":84,"column":16},"end":{"line":84,"column":66}},"49":{"start":{"line":85,"column":16},"end":{"line":85,"column":66}},"50":{"start":{"line":86,"column":16},"end":{"line":86,"column":66}},"51":{"start":{"line":94,"column":12},"end":{"line":97,"column":14}},"52":{"start":{"line":95,"column":31},"end":{"line":95,"column":57}},"53":{"start":{"line":96,"column":16},"end":{"line":96,"column":50}},"54":{"start":{"line":100,"column":4},"end":{"line":166,"column":6}},"55":{"start":{"line":104,"column":8},"end":{"line":108,"column":10}},"56":{"start":{"line":105,"column":12},"end":{"line":105,"column":40}},"57":{"start":{"line":107,"column":12},"end":{"line":107,"column":77}},"58":{"start":{"line":109,"column":8},"end":{"line":136,"column":10}},"59":{"start":{"line":111,"column":12},"end":{"line":116,"column":14}},"60":{"start":{"line":112,"column":30},"end":{"line":112,"column":76}},"61":{"start":{"line":114,"column":16},"end":{"line":114,"column":49}},"62":{"start":{"line":115,"column":16},"end":{"line":115,"column":49}},"63":{"start":{"line":117,"column":12},"end":{"line":126,"column":14}},"64":{"start":{"line":118,"column":16},"end":{"line":125,"column":17}},"65":{"start":{"line":119,"column":20},"end":{"line":119,"column":28}},"66":{"start":{"line":121,"column":20},"end":{"line":121,"column":75}},"67":{"start":{"line":123,"column":20},"end":{"line":123,"column":61}},"68":{"start":{"line":124,"column":20},"end":{"line":124,"column":77}},"69":{"start":{"line":127,"column":12},"end":{"line":135,"column":14}},"70":{"start":{"line":128,"column":16},"end":{"line":134,"column":17}},"71":{"start":{"line":129,"column":20},"end":{"line":129,"column":123}},"72":{"start":{"line":130,"column":20},"end":{"line":130,"column":75}},"73":{"start":{"line":132,"column":20},"end":{"line":132,"column":61}},"74":{"start":{"line":133,"column":20},"end":{"line":133,"column":212}},"75":{"start":{"line":137,"column":8},"end":{"line":149,"column":10}},"76":{"start":{"line":139,"column":12},"end":{"line":140,"column":13}},"77":{"start":{"line":139,"column":35},"end":{"line":139,"column":93}},"78":{"start":{"line":141,"column":12},"end":{"line":148,"column":14}},"79":{"start":{"line":143,"column":43},"end":{"line":143,"column":84}},"80":{"start":{"line":145,"column":16},"end":{"line":145,"column":62}},"81":{"start":{"line":146,"column":16},"end":{"line":146,"column":54}},"82":{"start":{"line":147,"column":16},"end":{"line":147,"column":62}},"83":{"start":{"line":150,"column":8},"end":{"line":165,"column":10}},"84":{"start":{"line":153,"column":12},"end":{"line":159,"column":14}},"85":{"start":{"line":154,"column":16},"end":{"line":154,"column":63}},"86":{"start":{"line":155,"column":16},"end":{"line":155,"column":63}},"87":{"start":{"line":156,"column":16},"end":{"line":156,"column":63}},"88":{"start":{"line":157,"column":16},"end":{"line":157,"column":63}},"89":{"start":{"line":158,"column":16},"end":{"line":158,"column":63}},"90":{"start":{"line":160,"column":12},"end":{"line":164,"column":14}},"91":{"start":{"line":161,"column":31},"end":{"line":161,"column":61}},"92":{"start":{"line":163,"column":16},"end":{"line":163,"column":50}},"93":{"start":{"line":167,"column":4},"end":{"line":401,"column":6}},"94":{"start":{"line":172,"column":8},"end":{"line":187,"column":10}},"95":{"start":{"line":174,"column":12},"end":{"line":174,"column":43}},"96":{"start":{"line":176,"column":12},"end":{"line":176,"column":77}},"97":{"start":{"line":177,"column":12},"end":{"line":177,"column":77}},"98":{"start":{"line":178,"column":12},"end":{"line":178,"column":79}},"99":{"start":{"line":179,"column":12},"end":{"line":179,"column":92}},"100":{"start":{"line":180,"column":12},"end":{"line":180,"column":20}},"101":{"start":{"line":181,"column":12},"end":{"line":181,"column":91}},"102":{"start":{"line":183,"column":12},"end":{"line":183,"column":82}},"103":{"start":{"line":184,"column":12},"end":{"line":184,"column":93}},"104":{"start":{"line":185,"column":12},"end":{"line":185,"column":32}},"105":{"start":{"line":186,"column":12},"end":{"line":186,"column":79}},"106":{"start":{"line":188,"column":8},"end":{"line":264,"column":10}},"107":{"start":{"line":190,"column":12},"end":{"line":206,"column":14}},"108":{"start":{"line":191,"column":16},"end":{"line":191,"column":30}},"109":{"start":{"line":192,"column":16},"end":{"line":192,"column":24}},"110":{"start":{"line":193,"column":34},"end":{"line":193,"column":127}},"111":{"start":{"line":195,"column":16},"end":{"line":195,"column":42}},"112":{"start":{"line":196,"column":16},"end":{"line":196,"column":65}},"113":{"start":{"line":198,"column":29},"end":{"line":198,"column":62}},"114":{"start":{"line":200,"column":16},"end":{"line":200,"column":56}},"115":{"start":{"line":201,"column":16},"end":{"line":201,"column":50}},"116":{"start":{"line":202,"column":16},"end":{"line":202,"column":48}},"117":{"start":{"line":203,"column":16},"end":{"line":203,"column":50}},"118":{"start":{"line":204,"column":16},"end":{"line":204,"column":56}},"119":{"start":{"line":205,"column":16},"end":{"line":205,"column":46}},"120":{"start":{"line":207,"column":12},"end":{"line":217,"column":14}},"121":{"start":{"line":209,"column":16},"end":{"line":209,"column":32}},"122":{"start":{"line":211,"column":16},"end":{"line":216,"column":17}},"123":{"start":{"line":212,"column":20},"end":{"line":212,"column":113}},"124":{"start":{"line":214,"column":20},"end":{"line":214,"column":53}},"125":{"start":{"line":215,"column":20},"end":{"line":215,"column":91}},"126":{"start":{"line":218,"column":12},"end":{"line":228,"column":14}},"127":{"start":{"line":220,"column":16},"end":{"line":227,"column":17}},"128":{"start":{"line":221,"column":20},"end":{"line":221,"column":34}},"129":{"start":{"line":223,"column":20},"end":{"line":223,"column":135}},"130":{"start":{"line":225,"column":20},"end":{"line":225,"column":50}},"131":{"start":{"line":226,"column":20},"end":{"line":226,"column":76}},"132":{"start":{"line":229,"column":12},"end":{"line":239,"column":14}},"133":{"start":{"line":231,"column":16},"end":{"line":238,"column":17}},"134":{"start":{"line":232,"column":20},"end":{"line":232,"column":34}},"135":{"start":{"line":234,"column":20},"end":{"line":234,"column":114}},"136":{"start":{"line":236,"column":20},"end":{"line":236,"column":50}},"137":{"start":{"line":237,"column":20},"end":{"line":237,"column":107}},"138":{"start":{"line":240,"column":12},"end":{"line":252,"column":14}},"139":{"start":{"line":241,"column":16},"end":{"line":241,"column":30}},"140":{"start":{"line":243,"column":16},"end":{"line":243,"column":135}},"141":{"start":{"line":244,"column":16},"end":{"line":251,"column":17}},"142":{"start":{"line":246,"column":20},"end":{"line":246,"column":139}},"143":{"start":{"line":249,"column":20},"end":{"line":249,"column":61}},"144":{"start":{"line":250,"column":20},"end":{"line":250,"column":114}},"145":{"start":{"line":253,"column":12},"end":{"line":263,"column":14}},"146":{"start":{"line":254,"column":16},"end":{"line":262,"column":17}},"147":{"start":{"line":255,"column":20},"end":{"line":255,"column":34}},"148":{"start":{"line":257,"column":20},"end":{"line":257,"column":137}},"149":{"start":{"line":260,"column":20},"end":{"line":260,"column":61}},"150":{"start":{"line":261,"column":20},"end":{"line":261,"column":106}},"151":{"start":{"line":265,"column":8},"end":{"line":304,"column":10}},"152":{"start":{"line":268,"column":12},"end":{"line":286,"column":14}},"153":{"start":{"line":269,"column":16},"end":{"line":269,"column":24}},"154":{"start":{"line":270,"column":35},"end":{"line":270,"column":129}},"155":{"start":{"line":272,"column":16},"end":{"line":272,"column":43}},"156":{"start":{"line":273,"column":16},"end":{"line":273,"column":58}},"157":{"start":{"line":274,"column":16},"end":{"line":274,"column":53}},"158":{"start":{"line":275,"column":16},"end":{"line":275,"column":24}},"159":{"start":{"line":276,"column":35},"end":{"line":276,"column":69}},"160":{"start":{"line":278,"column":16},"end":{"line":278,"column":31}},"161":{"start":{"line":280,"column":16},"end":{"line":280,"column":62}},"162":{"start":{"line":281,"column":16},"end":{"line":281,"column":56}},"163":{"start":{"line":282,"column":16},"end":{"line":282,"column":54}},"164":{"start":{"line":283,"column":16},"end":{"line":283,"column":56}},"165":{"start":{"line":284,"column":16},"end":{"line":284,"column":62}},"166":{"start":{"line":285,"column":16},"end":{"line":285,"column":52}},"167":{"start":{"line":287,"column":12},"end":{"line":294,"column":14}},"168":{"start":{"line":288,"column":16},"end":{"line":293,"column":17}},"169":{"start":{"line":289,"column":39},"end":{"line":289,"column":158}},"170":{"start":{"line":291,"column":20},"end":{"line":291,"column":61}},"171":{"start":{"line":292,"column":20},"end":{"line":292,"column":106}},"172":{"start":{"line":295,"column":12},"end":{"line":302,"column":14}},"173":{"start":{"line":296,"column":16},"end":{"line":301,"column":17}},"174":{"start":{"line":297,"column":39},"end":{"line":297,"column":146}},"175":{"start":{"line":299,"column":20},"end":{"line":299,"column":61}},"176":{"start":{"line":300,"column":20},"end":{"line":300,"column":91}},"177":{"start":{"line":305,"column":8},"end":{"line":346,"column":10}},"178":{"start":{"line":307,"column":12},"end":{"line":311,"column":14}},"179":{"start":{"line":308,"column":16},"end":{"line":308,"column":172}},"180":{"start":{"line":309,"column":16},"end":{"line":309,"column":126}},"181":{"start":{"line":310,"column":16},"end":{"line":310,"column":24}},"182":{"start":{"line":313,"column":12},"end":{"line":318,"column":14}},"183":{"start":{"line":314,"column":16},"end":{"line":314,"column":68}},"184":{"start":{"line":316,"column":16},"end":{"line":316,"column":37}},"185":{"start":{"line":317,"column":16},"end":{"line":317,"column":47}},"186":{"start":{"line":319,"column":12},"end":{"line":327,"column":14}},"187":{"start":{"line":320,"column":16},"end":{"line":326,"column":17}},"188":{"start":{"line":321,"column":34},"end":{"line":321,"column":54}},"189":{"start":{"line":322,"column":20},"end":{"line":322,"column":72}},"190":{"start":{"line":324,"column":20},"end":{"line":324,"column":42}},"191":{"start":{"line":325,"column":20},"end":{"line":325,"column":83}},"192":{"start":{"line":328,"column":12},"end":{"line":336,"column":14}},"193":{"start":{"line":329,"column":16},"end":{"line":335,"column":17}},"194":{"start":{"line":330,"column":34},"end":{"line":330,"column":53}},"195":{"start":{"line":331,"column":20},"end":{"line":331,"column":72}},"196":{"start":{"line":333,"column":20},"end":{"line":333,"column":42}},"197":{"start":{"line":334,"column":20},"end":{"line":334,"column":105}},"198":{"start":{"line":337,"column":12},"end":{"line":345,"column":14}},"199":{"start":{"line":338,"column":16},"end":{"line":344,"column":17}},"200":{"start":{"line":339,"column":20},"end":{"line":339,"column":41}},"201":{"start":{"line":340,"column":20},"end":{"line":340,"column":72}},"202":{"start":{"line":342,"column":20},"end":{"line":342,"column":42}},"203":{"start":{"line":343,"column":20},"end":{"line":343,"column":72}},"204":{"start":{"line":347,"column":8},"end":{"line":385,"column":10}},"205":{"start":{"line":348,"column":12},"end":{"line":350,"column":14}},"206":{"start":{"line":349,"column":16},"end":{"line":349,"column":110}},"207":{"start":{"line":352,"column":12},"end":{"line":357,"column":14}},"208":{"start":{"line":353,"column":29},"end":{"line":353,"column":74}},"209":{"start":{"line":355,"column":16},"end":{"line":355,"column":37}},"210":{"start":{"line":356,"column":16},"end":{"line":356,"column":47}},"211":{"start":{"line":358,"column":12},"end":{"line":366,"column":14}},"212":{"start":{"line":359,"column":16},"end":{"line":365,"column":17}},"213":{"start":{"line":360,"column":34},"end":{"line":360,"column":54}},"214":{"start":{"line":361,"column":33},"end":{"line":361,"column":78}},"215":{"start":{"line":363,"column":20},"end":{"line":363,"column":42}},"216":{"start":{"line":364,"column":20},"end":{"line":364,"column":83}},"217":{"start":{"line":367,"column":12},"end":{"line":375,"column":14}},"218":{"start":{"line":368,"column":16},"end":{"line":374,"column":17}},"219":{"start":{"line":369,"column":34},"end":{"line":369,"column":53}},"220":{"start":{"line":370,"column":33},"end":{"line":370,"column":78}},"221":{"start":{"line":372,"column":20},"end":{"line":372,"column":42}},"222":{"start":{"line":373,"column":20},"end":{"line":373,"column":105}},"223":{"start":{"line":376,"column":12},"end":{"line":384,"column":14}},"224":{"start":{"line":377,"column":16},"end":{"line":383,"column":17}},"225":{"start":{"line":378,"column":20},"end":{"line":378,"column":41}},"226":{"start":{"line":379,"column":33},"end":{"line":379,"column":78}},"227":{"start":{"line":381,"column":20},"end":{"line":381,"column":42}},"228":{"start":{"line":382,"column":20},"end":{"line":382,"column":72}},"229":{"start":{"line":386,"column":8},"end":{"line":400,"column":10}},"230":{"start":{"line":388,"column":12},"end":{"line":391,"column":14}},"231":{"start":{"line":389,"column":16},"end":{"line":389,"column":24}},"232":{"start":{"line":390,"column":16},"end":{"line":390,"column":117}},"233":{"start":{"line":392,"column":12},"end":{"line":399,"column":14}},"234":{"start":{"line":393,"column":38},"end":{"line":393,"column":71}},"235":{"start":{"line":395,"column":16},"end":{"line":395,"column":46}},"236":{"start":{"line":396,"column":16},"end":{"line":396,"column":59}},"237":{"start":{"line":397,"column":16},"end":{"line":397,"column":57}},"238":{"start":{"line":398,"column":16},"end":{"line":398,"column":65}},"239":{"start":{"line":403,"column":4},"end":{"line":481,"column":6}},"240":{"start":{"line":407,"column":8},"end":{"line":416,"column":10}},"241":{"start":{"line":409,"column":12},"end":{"line":409,"column":43}},"242":{"start":{"line":411,"column":12},"end":{"line":411,"column":77}},"243":{"start":{"line":412,"column":12},"end":{"line":412,"column":77}},"244":{"start":{"line":413,"column":12},"end":{"line":413,"column":79}},"245":{"start":{"line":414,"column":12},"end":{"line":414,"column":91}},"246":{"start":{"line":417,"column":8},"end":{"line":453,"column":10}},"247":{"start":{"line":418,"column":12},"end":{"line":434,"column":14}},"248":{"start":{"line":419,"column":16},"end":{"line":419,"column":24}},"249":{"start":{"line":420,"column":28},"end":{"line":420,"column":100}},"250":{"start":{"line":421,"column":16},"end":{"line":421,"column":24}},"251":{"start":{"line":422,"column":16},"end":{"line":422,"column":36}},"252":{"start":{"line":424,"column":29},"end":{"line":424,"column":54}},"253":{"start":{"line":425,"column":16},"end":{"line":425,"column":24}},"254":{"start":{"line":426,"column":16},"end":{"line":426,"column":37}},"255":{"start":{"line":427,"column":16},"end":{"line":427,"column":48}},"256":{"start":{"line":429,"column":39},"end":{"line":429,"column":43}},"257":{"start":{"line":430,"column":16},"end":{"line":430,"column":56}},"258":{"start":{"line":431,"column":16},"end":{"line":431,"column":58}},"259":{"start":{"line":432,"column":16},"end":{"line":432,"column":62}},"260":{"start":{"line":433,"column":16},"end":{"line":433,"column":56}},"261":{"start":{"line":435,"column":12},"end":{"line":443,"column":14}},"262":{"start":{"line":436,"column":16},"end":{"line":436,"column":169}},"263":{"start":{"line":437,"column":16},"end":{"line":442,"column":17}},"264":{"start":{"line":438,"column":20},"end":{"line":438,"column":126}},"265":{"start":{"line":440,"column":20},"end":{"line":440,"column":61}},"266":{"start":{"line":441,"column":20},"end":{"line":441,"column":118}},"267":{"start":{"line":444,"column":12},"end":{"line":452,"column":14}},"268":{"start":{"line":445,"column":16},"end":{"line":451,"column":17}},"269":{"start":{"line":446,"column":20},"end":{"line":446,"column":116}},"270":{"start":{"line":449,"column":20},"end":{"line":449,"column":50}},"271":{"start":{"line":450,"column":20},"end":{"line":450,"column":126}},"272":{"start":{"line":454,"column":8},"end":{"line":480,"column":10}},"273":{"start":{"line":456,"column":12},"end":{"line":456,"column":115}},"274":{"start":{"line":456,"column":35},"end":{"line":456,"column":114}},"275":{"start":{"line":458,"column":12},"end":{"line":471,"column":14}},"276":{"start":{"line":459,"column":31},"end":{"line":459,"column":69}},"277":{"start":{"line":461,"column":16},"end":{"line":461,"column":39}},"278":{"start":{"line":462,"column":16},"end":{"line":462,"column":49}},"279":{"start":{"line":464,"column":16},"end":{"line":464,"column":53}},"280":{"start":{"line":466,"column":16},"end":{"line":466,"column":50}},"281":{"start":{"line":467,"column":16},"end":{"line":467,"column":52}},"282":{"start":{"line":468,"column":16},"end":{"line":468,"column":56}},"283":{"start":{"line":469,"column":16},"end":{"line":469,"column":50}},"284":{"start":{"line":472,"column":12},"end":{"line":479,"column":14}},"285":{"start":{"line":473,"column":16},"end":{"line":478,"column":17}},"286":{"start":{"line":474,"column":20},"end":{"line":474,"column":80}},"287":{"start":{"line":476,"column":20},"end":{"line":476,"column":50}},"288":{"start":{"line":477,"column":20},"end":{"line":477,"column":81}},"289":{"start":{"line":482,"column":4},"end":{"line":820,"column":6}},"290":{"start":{"line":483,"column":8},"end":{"line":570,"column":10}},"291":{"start":{"line":487,"column":12},"end":{"line":523,"column":14}},"292":{"start":{"line":488,"column":16},"end":{"line":488,"column":40}},"293":{"start":{"line":489,"column":16},"end":{"line":489,"column":47}},"294":{"start":{"line":491,"column":16},"end":{"line":491,"column":81}},"295":{"start":{"line":492,"column":16},"end":{"line":492,"column":81}},"296":{"start":{"line":493,"column":16},"end":{"line":493,"column":96}},"297":{"start":{"line":494,"column":16},"end":{"line":494,"column":83}},"298":{"start":{"line":495,"column":16},"end":{"line":495,"column":24}},"299":{"start":{"line":496,"column":16},"end":{"line":496,"column":95}},"300":{"start":{"line":498,"column":16},"end":{"line":498,"column":86}},"301":{"start":{"line":499,"column":16},"end":{"line":499,"column":86}},"302":{"start":{"line":500,"column":16},"end":{"line":500,"column":81}},"303":{"start":{"line":501,"column":16},"end":{"line":501,"column":36}},"304":{"start":{"line":502,"column":16},"end":{"line":502,"column":83}},"305":{"start":{"line":504,"column":16},"end":{"line":504,"column":126}},"306":{"start":{"line":505,"column":16},"end":{"line":505,"column":81}},"307":{"start":{"line":506,"column":16},"end":{"line":506,"column":24}},"308":{"start":{"line":507,"column":32},"end":{"line":507,"column":88}},"309":{"start":{"line":508,"column":31},"end":{"line":508,"column":89}},"310":{"start":{"line":510,"column":16},"end":{"line":510,"column":86}},"311":{"start":{"line":511,"column":16},"end":{"line":511,"column":86}},"312":{"start":{"line":514,"column":16},"end":{"line":514,"column":38}},"313":{"start":{"line":515,"column":16},"end":{"line":515,"column":682}},"314":{"start":{"line":516,"column":16},"end":{"line":516,"column":39}},"315":{"start":{"line":517,"column":16},"end":{"line":517,"column":40}},"316":{"start":{"line":518,"column":16},"end":{"line":518,"column":95}},"317":{"start":{"line":519,"column":16},"end":{"line":519,"column":58}},"318":{"start":{"line":520,"column":16},"end":{"line":520,"column":44}},"319":{"start":{"line":521,"column":16},"end":{"line":521,"column":27}},"320":{"start":{"line":522,"column":16},"end":{"line":522,"column":24}},"321":{"start":{"line":524,"column":12},"end":{"line":537,"column":14}},"322":{"start":{"line":525,"column":16},"end":{"line":525,"column":24}},"323":{"start":{"line":526,"column":42},"end":{"line":526,"column":59}},"324":{"start":{"line":527,"column":37},"end":{"line":527,"column":167}},"325":{"start":{"line":529,"column":35},"end":{"line":529,"column":72}},"326":{"start":{"line":531,"column":16},"end":{"line":531,"column":45}},"327":{"start":{"line":532,"column":16},"end":{"line":532,"column":57}},"328":{"start":{"line":533,"column":16},"end":{"line":533,"column":68}},"329":{"start":{"line":534,"column":16},"end":{"line":534,"column":65}},"330":{"start":{"line":535,"column":16},"end":{"line":535,"column":54}},"331":{"start":{"line":536,"column":16},"end":{"line":536,"column":58}},"332":{"start":{"line":538,"column":12},"end":{"line":548,"column":14}},"333":{"start":{"line":539,"column":16},"end":{"line":539,"column":24}},"334":{"start":{"line":540,"column":16},"end":{"line":547,"column":17}},"335":{"start":{"line":541,"column":44},"end":{"line":541,"column":61}},"336":{"start":{"line":542,"column":20},"end":{"line":542,"column":35}},"337":{"start":{"line":543,"column":20},"end":{"line":543,"column":153}},"338":{"start":{"line":545,"column":20},"end":{"line":545,"column":50}},"339":{"start":{"line":546,"column":20},"end":{"line":546,"column":90}},"340":{"start":{"line":549,"column":12},"end":{"line":558,"column":14}},"341":{"start":{"line":550,"column":16},"end":{"line":550,"column":30}},"342":{"start":{"line":551,"column":16},"end":{"line":557,"column":17}},"343":{"start":{"line":552,"column":46},"end":{"line":552,"column":63}},"344":{"start":{"line":553,"column":20},"end":{"line":553,"column":150}},"345":{"start":{"line":555,"column":20},"end":{"line":555,"column":50}},"346":{"start":{"line":556,"column":20},"end":{"line":556,"column":78}},"347":{"start":{"line":559,"column":12},"end":{"line":569,"column":14}},"348":{"start":{"line":560,"column":16},"end":{"line":560,"column":28}},"349":{"start":{"line":561,"column":16},"end":{"line":568,"column":17}},"350":{"start":{"line":562,"column":46},"end":{"line":562,"column":63}},"351":{"start":{"line":563,"column":20},"end":{"line":563,"column":150}},"352":{"start":{"line":566,"column":20},"end":{"line":566,"column":50}},"353":{"start":{"line":567,"column":20},"end":{"line":567,"column":116}},"354":{"start":{"line":571,"column":8},"end":{"line":683,"column":10}},"355":{"start":{"line":576,"column":12},"end":{"line":616,"column":14}},"356":{"start":{"line":577,"column":16},"end":{"line":577,"column":47}},"357":{"start":{"line":578,"column":16},"end":{"line":578,"column":44}},"358":{"start":{"line":579,"column":16},"end":{"line":579,"column":40}},"359":{"start":{"line":580,"column":16},"end":{"line":580,"column":47}},"360":{"start":{"line":582,"column":16},"end":{"line":582,"column":81}},"361":{"start":{"line":583,"column":16},"end":{"line":583,"column":81}},"362":{"start":{"line":584,"column":16},"end":{"line":584,"column":96}},"363":{"start":{"line":585,"column":16},"end":{"line":585,"column":83}},"364":{"start":{"line":586,"column":16},"end":{"line":586,"column":24}},"365":{"start":{"line":587,"column":16},"end":{"line":587,"column":95}},"366":{"start":{"line":589,"column":16},"end":{"line":589,"column":86}},"367":{"start":{"line":590,"column":16},"end":{"line":590,"column":86}},"368":{"start":{"line":591,"column":16},"end":{"line":591,"column":81}},"369":{"start":{"line":592,"column":16},"end":{"line":592,"column":36}},"370":{"start":{"line":593,"column":16},"end":{"line":593,"column":83}},"371":{"start":{"line":595,"column":16},"end":{"line":595,"column":126}},"372":{"start":{"line":596,"column":41},"end":{"line":596,"column":86}},"373":{"start":{"line":598,"column":16},"end":{"line":598,"column":91}},"374":{"start":{"line":599,"column":16},"end":{"line":599,"column":90}},"375":{"start":{"line":601,"column":16},"end":{"line":601,"column":93}},"376":{"start":{"line":602,"column":16},"end":{"line":602,"column":91}},"377":{"start":{"line":605,"column":16},"end":{"line":605,"column":38}},"378":{"start":{"line":606,"column":16},"end":{"line":606,"column":682}},"379":{"start":{"line":607,"column":16},"end":{"line":607,"column":39}},"380":{"start":{"line":608,"column":16},"end":{"line":608,"column":40}},"381":{"start":{"line":609,"column":16},"end":{"line":609,"column":95}},"382":{"start":{"line":610,"column":16},"end":{"line":610,"column":58}},"383":{"start":{"line":611,"column":16},"end":{"line":611,"column":44}},"384":{"start":{"line":612,"column":16},"end":{"line":612,"column":27}},"385":{"start":{"line":614,"column":16},"end":{"line":614,"column":161}},"386":{"start":{"line":617,"column":12},"end":{"line":626,"column":14}},"387":{"start":{"line":619,"column":39},"end":{"line":619,"column":67}},"388":{"start":{"line":621,"column":16},"end":{"line":621,"column":50}},"389":{"start":{"line":622,"column":16},"end":{"line":622,"column":58}},"390":{"start":{"line":623,"column":16},"end":{"line":623,"column":76}},"391":{"start":{"line":624,"column":16},"end":{"line":624,"column":88}},"392":{"start":{"line":625,"column":16},"end":{"line":625,"column":76}},"393":{"start":{"line":627,"column":12},"end":{"line":636,"column":14}},"394":{"start":{"line":628,"column":16},"end":{"line":628,"column":24}},"395":{"start":{"line":629,"column":39},"end":{"line":629,"column":98}},"396":{"start":{"line":631,"column":16},"end":{"line":631,"column":50}},"397":{"start":{"line":632,"column":16},"end":{"line":632,"column":58}},"398":{"start":{"line":633,"column":16},"end":{"line":633,"column":76}},"399":{"start":{"line":634,"column":16},"end":{"line":634,"column":88}},"400":{"start":{"line":635,"column":16},"end":{"line":635,"column":76}},"401":{"start":{"line":637,"column":12},"end":{"line":645,"column":14}},"402":{"start":{"line":638,"column":16},"end":{"line":644,"column":17}},"403":{"start":{"line":639,"column":20},"end":{"line":639,"column":108}},"404":{"start":{"line":642,"column":20},"end":{"line":642,"column":41}},"405":{"start":{"line":643,"column":20},"end":{"line":643,"column":83}},"406":{"start":{"line":646,"column":12},"end":{"line":655,"column":14}},"407":{"start":{"line":647,"column":16},"end":{"line":647,"column":24}},"408":{"start":{"line":648,"column":39},"end":{"line":648,"column":83}},"409":{"start":{"line":649,"column":16},"end":{"line":649,"column":24}},"410":{"start":{"line":650,"column":16},"end":{"line":650,"column":50}},"411":{"start":{"line":651,"column":16},"end":{"line":651,"column":58}},"412":{"start":{"line":652,"column":16},"end":{"line":652,"column":63}},"413":{"start":{"line":653,"column":16},"end":{"line":653,"column":75}},"414":{"start":{"line":654,"column":16},"end":{"line":654,"column":63}},"415":{"start":{"line":656,"column":12},"end":{"line":664,"column":14}},"416":{"start":{"line":657,"column":16},"end":{"line":663,"column":17}},"417":{"start":{"line":658,"column":20},"end":{"line":658,"column":78}},"418":{"start":{"line":661,"column":20},"end":{"line":661,"column":41}},"419":{"start":{"line":662,"column":20},"end":{"line":662,"column":83}},"420":{"start":{"line":665,"column":12},"end":{"line":673,"column":14}},"421":{"start":{"line":667,"column":39},"end":{"line":667,"column":84}},"422":{"start":{"line":669,"column":16},"end":{"line":669,"column":47}},"423":{"start":{"line":670,"column":16},"end":{"line":670,"column":73}},"424":{"start":{"line":671,"column":16},"end":{"line":671,"column":85}},"425":{"start":{"line":672,"column":16},"end":{"line":672,"column":73}},"426":{"start":{"line":674,"column":12},"end":{"line":682,"column":14}},"427":{"start":{"line":675,"column":16},"end":{"line":681,"column":17}},"428":{"start":{"line":676,"column":20},"end":{"line":676,"column":76}},"429":{"start":{"line":679,"column":20},"end":{"line":679,"column":50}},"430":{"start":{"line":680,"column":20},"end":{"line":680,"column":88}},"431":{"start":{"line":684,"column":8},"end":{"line":752,"column":10}},"432":{"start":{"line":690,"column":12},"end":{"line":732,"column":14}},"433":{"start":{"line":691,"column":16},"end":{"line":691,"column":47}},"434":{"start":{"line":692,"column":16},"end":{"line":692,"column":44}},"435":{"start":{"line":693,"column":16},"end":{"line":693,"column":40}},"436":{"start":{"line":694,"column":16},"end":{"line":694,"column":47}},"437":{"start":{"line":696,"column":16},"end":{"line":696,"column":81}},"438":{"start":{"line":697,"column":16},"end":{"line":697,"column":81}},"439":{"start":{"line":698,"column":16},"end":{"line":698,"column":96}},"440":{"start":{"line":699,"column":16},"end":{"line":699,"column":83}},"441":{"start":{"line":701,"column":16},"end":{"line":701,"column":95}},"442":{"start":{"line":703,"column":16},"end":{"line":703,"column":86}},"443":{"start":{"line":704,"column":16},"end":{"line":704,"column":86}},"444":{"start":{"line":705,"column":16},"end":{"line":705,"column":81}},"445":{"start":{"line":706,"column":16},"end":{"line":706,"column":36}},"446":{"start":{"line":707,"column":16},"end":{"line":707,"column":83}},"447":{"start":{"line":709,"column":16},"end":{"line":709,"column":126}},"448":{"start":{"line":710,"column":16},"end":{"line":710,"column":81}},"449":{"start":{"line":712,"column":16},"end":{"line":712,"column":91}},"450":{"start":{"line":713,"column":16},"end":{"line":713,"column":90}},"451":{"start":{"line":715,"column":16},"end":{"line":715,"column":93}},"452":{"start":{"line":716,"column":16},"end":{"line":716,"column":91}},"453":{"start":{"line":719,"column":16},"end":{"line":719,"column":38}},"454":{"start":{"line":720,"column":16},"end":{"line":720,"column":682}},"455":{"start":{"line":721,"column":16},"end":{"line":721,"column":39}},"456":{"start":{"line":722,"column":16},"end":{"line":722,"column":40}},"457":{"start":{"line":723,"column":16},"end":{"line":723,"column":95}},"458":{"start":{"line":724,"column":16},"end":{"line":724,"column":58}},"459":{"start":{"line":725,"column":16},"end":{"line":725,"column":44}},"460":{"start":{"line":726,"column":16},"end":{"line":726,"column":27}},"461":{"start":{"line":728,"column":42},"end":{"line":728,"column":59}},"462":{"start":{"line":730,"column":16},"end":{"line":730,"column":161}},"463":{"start":{"line":733,"column":12},"end":{"line":741,"column":14}},"464":{"start":{"line":734,"column":16},"end":{"line":734,"column":24}},"465":{"start":{"line":735,"column":42},"end":{"line":735,"column":59}},"466":{"start":{"line":736,"column":29},"end":{"line":736,"column":328}},"467":{"start":{"line":738,"column":37},"end":{"line":738,"column":102}},"468":{"start":{"line":740,"column":16},"end":{"line":740,"column":63}},"469":{"start":{"line":742,"column":12},"end":{"line":751,"column":14}},"470":{"start":{"line":743,"column":39},"end":{"line":743,"column":56}},"471":{"start":{"line":744,"column":29},"end":{"line":744,"column":328}},"472":{"start":{"line":745,"column":16},"end":{"line":750,"column":17}},"473":{"start":{"line":746,"column":20},"end":{"line":746,"column":105}},"474":{"start":{"line":748,"column":20},"end":{"line":748,"column":50}},"475":{"start":{"line":749,"column":20},"end":{"line":749,"column":118}},"476":{"start":{"line":753,"column":8},"end":{"line":819,"column":10}},"477":{"start":{"line":755,"column":12},"end":{"line":789,"column":14}},"478":{"start":{"line":756,"column":16},"end":{"line":756,"column":47}},"479":{"start":{"line":757,"column":16},"end":{"line":757,"column":44}},"480":{"start":{"line":758,"column":16},"end":{"line":758,"column":40}},"481":{"start":{"line":759,"column":16},"end":{"line":759,"column":47}},"482":{"start":{"line":761,"column":16},"end":{"line":761,"column":24}},"483":{"start":{"line":762,"column":16},"end":{"line":762,"column":172}},"484":{"start":{"line":763,"column":16},"end":{"line":763,"column":208}},"485":{"start":{"line":764,"column":16},"end":{"line":764,"column":206}},"486":{"start":{"line":766,"column":16},"end":{"line":766,"column":91}},"487":{"start":{"line":767,"column":16},"end":{"line":767,"column":90}},"488":{"start":{"line":769,"column":16},"end":{"line":769,"column":93}},"489":{"start":{"line":770,"column":16},"end":{"line":770,"column":91}},"490":{"start":{"line":772,"column":16},"end":{"line":772,"column":38}},"491":{"start":{"line":773,"column":16},"end":{"line":773,"column":682}},"492":{"start":{"line":774,"column":16},"end":{"line":774,"column":39}},"493":{"start":{"line":775,"column":16},"end":{"line":775,"column":40}},"494":{"start":{"line":776,"column":16},"end":{"line":776,"column":95}},"495":{"start":{"line":777,"column":16},"end":{"line":777,"column":58}},"496":{"start":{"line":778,"column":16},"end":{"line":778,"column":44}},"497":{"start":{"line":779,"column":16},"end":{"line":779,"column":27}},"498":{"start":{"line":781,"column":16},"end":{"line":781,"column":123}},"499":{"start":{"line":783,"column":41},"end":{"line":783,"column":63}},"500":{"start":{"line":785,"column":16},"end":{"line":785,"column":130}},"501":{"start":{"line":787,"column":16},"end":{"line":787,"column":160}},"502":{"start":{"line":790,"column":12},"end":{"line":799,"column":14}},"503":{"start":{"line":791,"column":16},"end":{"line":791,"column":37}},"504":{"start":{"line":792,"column":39},"end":{"line":792,"column":61}},"505":{"start":{"line":793,"column":16},"end":{"line":793,"column":24}},"506":{"start":{"line":794,"column":29},"end":{"line":794,"column":88}},"507":{"start":{"line":796,"column":16},"end":{"line":796,"column":37}},"508":{"start":{"line":797,"column":16},"end":{"line":797,"column":77}},"509":{"start":{"line":800,"column":12},"end":{"line":808,"column":14}},"510":{"start":{"line":801,"column":16},"end":{"line":801,"column":24}},"511":{"start":{"line":802,"column":16},"end":{"line":802,"column":37}},"512":{"start":{"line":803,"column":35},"end":{"line":803,"column":58}},"513":{"start":{"line":804,"column":29},"end":{"line":804,"column":100}},"514":{"start":{"line":805,"column":16},"end":{"line":805,"column":24}},"515":{"start":{"line":806,"column":16},"end":{"line":806,"column":37}},"516":{"start":{"line":807,"column":16},"end":{"line":807,"column":58}},"517":{"start":{"line":809,"column":12},"end":{"line":818,"column":14}},"518":{"start":{"line":810,"column":16},"end":{"line":810,"column":24}},"519":{"start":{"line":811,"column":16},"end":{"line":811,"column":37}},"520":{"start":{"line":812,"column":35},"end":{"line":812,"column":58}},"521":{"start":{"line":813,"column":28},"end":{"line":813,"column":99}},"522":{"start":{"line":815,"column":16},"end":{"line":815,"column":66}},"523":{"start":{"line":817,"column":16},"end":{"line":817,"column":38}},"524":{"start":{"line":821,"column":4},"end":{"line":876,"column":6}},"525":{"start":{"line":823,"column":8},"end":{"line":874,"column":10}},"526":{"start":{"line":826,"column":12},"end":{"line":861,"column":14}},"527":{"start":{"line":827,"column":16},"end":{"line":827,"column":47}},"528":{"start":{"line":828,"column":16},"end":{"line":828,"column":44}},"529":{"start":{"line":829,"column":16},"end":{"line":829,"column":40}},"530":{"start":{"line":830,"column":16},"end":{"line":830,"column":47}},"531":{"start":{"line":832,"column":16},"end":{"line":832,"column":172}},"532":{"start":{"line":833,"column":16},"end":{"line":833,"column":208}},"533":{"start":{"line":834,"column":16},"end":{"line":834,"column":206}},"534":{"start":{"line":836,"column":16},"end":{"line":836,"column":91}},"535":{"start":{"line":837,"column":16},"end":{"line":837,"column":90}},"536":{"start":{"line":839,"column":16},"end":{"line":839,"column":93}},"537":{"start":{"line":840,"column":16},"end":{"line":840,"column":91}},"538":{"start":{"line":842,"column":16},"end":{"line":842,"column":38}},"539":{"start":{"line":843,"column":16},"end":{"line":843,"column":682}},"540":{"start":{"line":844,"column":16},"end":{"line":844,"column":39}},"541":{"start":{"line":845,"column":16},"end":{"line":845,"column":40}},"542":{"start":{"line":846,"column":16},"end":{"line":846,"column":95}},"543":{"start":{"line":847,"column":16},"end":{"line":847,"column":58}},"544":{"start":{"line":848,"column":16},"end":{"line":848,"column":44}},"545":{"start":{"line":849,"column":16},"end":{"line":849,"column":27}},"546":{"start":{"line":851,"column":16},"end":{"line":851,"column":123}},"547":{"start":{"line":853,"column":41},"end":{"line":853,"column":63}},"548":{"start":{"line":855,"column":16},"end":{"line":855,"column":130}},"549":{"start":{"line":857,"column":16},"end":{"line":857,"column":160}},"550":{"start":{"line":859,"column":16},"end":{"line":859,"column":35}},"551":{"start":{"line":860,"column":16},"end":{"line":860,"column":24}},"552":{"start":{"line":862,"column":12},"end":{"line":873,"column":14}},"553":{"start":{"line":864,"column":35},"end":{"line":864,"column":58}},"554":{"start":{"line":865,"column":16},"end":{"line":865,"column":24}},"555":{"start":{"line":866,"column":33},"end":{"line":866,"column":99}},"556":{"start":{"line":867,"column":42},"end":{"line":867,"column":78}},"557":{"start":{"line":868,"column":39},"end":{"line":868,"column":76}},"558":{"start":{"line":870,"column":16},"end":{"line":870,"column":47}},"559":{"start":{"line":871,"column":16},"end":{"line":871,"column":74}},"560":{"start":{"line":877,"column":4},"end":{"line":877,"column":48}},"561":{"start":{"line":877,"column":22},"end":{"line":877,"column":47}}},"fnMap":{"0":{"name":"(anonymous_0)","decl":{"start":{"line":8,"column":18},"end":{"line":8,"column":19}},"loc":{"start":{"line":8,"column":24},"end":{"line":878,"column":1}},"line":8},"1":{"name":"(anonymous_1)","decl":{"start":{"line":10,"column":11},"end":{"line":10,"column":12}},"loc":{"start":{"line":10,"column":22},"end":{"line":12,"column":5}},"line":10},"2":{"name":"(anonymous_2)","decl":{"start":{"line":14,"column":15},"end":{"line":14,"column":16}},"loc":{"start":{"line":14,"column":24},"end":{"line":23,"column":5}},"line":14},"3":{"name":"(anonymous_3)","decl":{"start":{"line":25,"column":31},"end":{"line":25,"column":32}},"loc":{"start":{"line":25,"column":37},"end":{"line":99,"column":5}},"line":25},"4":{"name":"(anonymous_4)","decl":{"start":{"line":29,"column":19},"end":{"line":29,"column":20}},"loc":{"start":{"line":29,"column":31},"end":{"line":34,"column":9}},"line":29},"5":{"name":"(anonymous_5)","decl":{"start":{"line":35,"column":43},"end":{"line":35,"column":44}},"loc":{"start":{"line":35,"column":49},"end":{"line":62,"column":9}},"line":35},"6":{"name":"(anonymous_6)","decl":{"start":{"line":37,"column":42},"end":{"line":37,"column":43}},"loc":{"start":{"line":37,"column":54},"end":{"line":42,"column":13}},"line":37},"7":{"name":"(anonymous_7)","decl":{"start":{"line":43,"column":55},"end":{"line":43,"column":56}},"loc":{"start":{"line":43,"column":67},"end":{"line":52,"column":13}},"line":43},"8":{"name":"(anonymous_8)","decl":{"start":{"line":53,"column":71},"end":{"line":53,"column":72}},"loc":{"start":{"line":53,"column":83},"end":{"line":61,"column":13}},"line":53},"9":{"name":"(anonymous_9)","decl":{"start":{"line":63,"column":37},"end":{"line":63,"column":38}},"loc":{"start":{"line":63,"column":43},"end":{"line":74,"column":9}},"line":63},"10":{"name":"(anonymous_10)","decl":{"start":{"line":65,"column":23},"end":{"line":65,"column":24}},"loc":{"start":{"line":65,"column":35},"end":{"line":65,"column":93}},"line":65},"11":{"name":"(anonymous_11)","decl":{"start":{"line":67,"column":60},"end":{"line":67,"column":61}},"loc":{"start":{"line":67,"column":72},"end":{"line":73,"column":13}},"line":67},"12":{"name":"(anonymous_12)","decl":{"start":{"line":75,"column":40},"end":{"line":75,"column":41}},"loc":{"start":{"line":75,"column":46},"end":{"line":98,"column":9}},"line":75},"13":{"name":"(anonymous_13)","decl":{"start":{"line":80,"column":23},"end":{"line":80,"column":24}},"loc":{"start":{"line":80,"column":35},"end":{"line":93,"column":13}},"line":80},"14":{"name":"(anonymous_14)","decl":{"start":{"line":94,"column":49},"end":{"line":94,"column":50}},"loc":{"start":{"line":94,"column":61},"end":{"line":97,"column":13}},"line":94},"15":{"name":"(anonymous_15)","decl":{"start":{"line":100,"column":27},"end":{"line":100,"column":28}},"loc":{"start":{"line":100,"column":33},"end":{"line":166,"column":5}},"line":100},"16":{"name":"(anonymous_16)","decl":{"start":{"line":104,"column":19},"end":{"line":104,"column":20}},"loc":{"start":{"line":104,"column":31},"end":{"line":108,"column":9}},"line":104},"17":{"name":"(anonymous_17)","decl":{"start":{"line":109,"column":41},"end":{"line":109,"column":42}},"loc":{"start":{"line":109,"column":47},"end":{"line":136,"column":9}},"line":109},"18":{"name":"(anonymous_18)","decl":{"start":{"line":111,"column":42},"end":{"line":111,"column":43}},"loc":{"start":{"line":111,"column":54},"end":{"line":116,"column":13}},"line":111},"19":{"name":"(anonymous_19)","decl":{"start":{"line":117,"column":55},"end":{"line":117,"column":56}},"loc":{"start":{"line":117,"column":67},"end":{"line":126,"column":13}},"line":117},"20":{"name":"(anonymous_20)","decl":{"start":{"line":127,"column":81},"end":{"line":127,"column":82}},"loc":{"start":{"line":127,"column":93},"end":{"line":135,"column":13}},"line":127},"21":{"name":"(anonymous_21)","decl":{"start":{"line":137,"column":44},"end":{"line":137,"column":45}},"loc":{"start":{"line":137,"column":50},"end":{"line":149,"column":9}},"line":137},"22":{"name":"(anonymous_22)","decl":{"start":{"line":139,"column":23},"end":{"line":139,"column":24}},"loc":{"start":{"line":139,"column":35},"end":{"line":139,"column":93}},"line":139},"23":{"name":"(anonymous_23)","decl":{"start":{"line":141,"column":67},"end":{"line":141,"column":68}},"loc":{"start":{"line":141,"column":79},"end":{"line":148,"column":13}},"line":141},"24":{"name":"(anonymous_24)","decl":{"start":{"line":150,"column":45},"end":{"line":150,"column":46}},"loc":{"start":{"line":150,"column":51},"end":{"line":165,"column":9}},"line":150},"25":{"name":"(anonymous_25)","decl":{"start":{"line":153,"column":23},"end":{"line":153,"column":24}},"loc":{"start":{"line":153,"column":35},"end":{"line":159,"column":13}},"line":153},"26":{"name":"(anonymous_26)","decl":{"start":{"line":160,"column":49},"end":{"line":160,"column":50}},"loc":{"start":{"line":160,"column":61},"end":{"line":164,"column":13}},"line":160},"27":{"name":"(anonymous_27)","decl":{"start":{"line":167,"column":22},"end":{"line":167,"column":23}},"loc":{"start":{"line":167,"column":28},"end":{"line":401,"column":5}},"line":167},"28":{"name":"(anonymous_28)","decl":{"start":{"line":172,"column":19},"end":{"line":172,"column":20}},"loc":{"start":{"line":172,"column":31},"end":{"line":187,"column":9}},"line":172},"29":{"name":"(anonymous_29)","decl":{"start":{"line":188,"column":38},"end":{"line":188,"column":39}},"loc":{"start":{"line":188,"column":44},"end":{"line":264,"column":9}},"line":188},"30":{"name":"(anonymous_30)","decl":{"start":{"line":190,"column":65},"end":{"line":190,"column":66}},"loc":{"start":{"line":190,"column":77},"end":{"line":206,"column":13}},"line":190},"31":{"name":"(anonymous_31)","decl":{"start":{"line":207,"column":57},"end":{"line":207,"column":58}},"loc":{"start":{"line":207,"column":69},"end":{"line":217,"column":13}},"line":207},"32":{"name":"(anonymous_32)","decl":{"start":{"line":218,"column":84},"end":{"line":218,"column":85}},"loc":{"start":{"line":218,"column":96},"end":{"line":228,"column":13}},"line":218},"33":{"name":"(anonymous_33)","decl":{"start":{"line":229,"column":91},"end":{"line":229,"column":92}},"loc":{"start":{"line":229,"column":103},"end":{"line":239,"column":13}},"line":229},"34":{"name":"(anonymous_34)","decl":{"start":{"line":240,"column":57},"end":{"line":240,"column":58}},"loc":{"start":{"line":240,"column":69},"end":{"line":252,"column":13}},"line":240},"35":{"name":"(anonymous_35)","decl":{"start":{"line":253,"column":84},"end":{"line":253,"column":85}},"loc":{"start":{"line":253,"column":96},"end":{"line":263,"column":13}},"line":253},"36":{"name":"(anonymous_36)","decl":{"start":{"line":265,"column":39},"end":{"line":265,"column":40}},"loc":{"start":{"line":265,"column":45},"end":{"line":304,"column":9}},"line":265},"37":{"name":"(anonymous_37)","decl":{"start":{"line":268,"column":46},"end":{"line":268,"column":47}},"loc":{"start":{"line":268,"column":58},"end":{"line":286,"column":13}},"line":268},"38":{"name":"(anonymous_38)","decl":{"start":{"line":287,"column":84},"end":{"line":287,"column":85}},"loc":{"start":{"line":287,"column":96},"end":{"line":294,"column":13}},"line":287},"39":{"name":"(anonymous_39)","decl":{"start":{"line":295,"column":77},"end":{"line":295,"column":78}},"loc":{"start":{"line":295,"column":89},"end":{"line":302,"column":13}},"line":295},"40":{"name":"(anonymous_40)","decl":{"start":{"line":305,"column":44},"end":{"line":305,"column":45}},"loc":{"start":{"line":305,"column":50},"end":{"line":346,"column":9}},"line":305},"41":{"name":"(anonymous_41)","decl":{"start":{"line":307,"column":23},"end":{"line":307,"column":24}},"loc":{"start":{"line":307,"column":35},"end":{"line":311,"column":13}},"line":307},"42":{"name":"(anonymous_42)","decl":{"start":{"line":313,"column":63},"end":{"line":313,"column":64}},"loc":{"start":{"line":313,"column":75},"end":{"line":318,"column":13}},"line":313},"43":{"name":"(anonymous_43)","decl":{"start":{"line":319,"column":61},"end":{"line":319,"column":62}},"loc":{"start":{"line":319,"column":73},"end":{"line":327,"column":13}},"line":319},"44":{"name":"(anonymous_44)","decl":{"start":{"line":328,"column":58},"end":{"line":328,"column":59}},"loc":{"start":{"line":328,"column":70},"end":{"line":336,"column":13}},"line":328},"45":{"name":"(anonymous_45)","decl":{"start":{"line":337,"column":61},"end":{"line":337,"column":62}},"loc":{"start":{"line":337,"column":73},"end":{"line":345,"column":13}},"line":337},"46":{"name":"(anonymous_46)","decl":{"start":{"line":347,"column":45},"end":{"line":347,"column":46}},"loc":{"start":{"line":347,"column":51},"end":{"line":385,"column":9}},"line":347},"47":{"name":"(anonymous_47)","decl":{"start":{"line":348,"column":23},"end":{"line":348,"column":24}},"loc":{"start":{"line":348,"column":35},"end":{"line":350,"column":13}},"line":348},"48":{"name":"(anonymous_48)","decl":{"start":{"line":352,"column":63},"end":{"line":352,"column":64}},"loc":{"start":{"line":352,"column":75},"end":{"line":357,"column":13}},"line":352},"49":{"name":"(anonymous_49)","decl":{"start":{"line":358,"column":61},"end":{"line":358,"column":62}},"loc":{"start":{"line":358,"column":73},"end":{"line":366,"column":13}},"line":358},"50":{"name":"(anonymous_50)","decl":{"start":{"line":367,"column":58},"end":{"line":367,"column":59}},"loc":{"start":{"line":367,"column":70},"end":{"line":375,"column":13}},"line":367},"51":{"name":"(anonymous_51)","decl":{"start":{"line":376,"column":61},"end":{"line":376,"column":62}},"loc":{"start":{"line":376,"column":73},"end":{"line":384,"column":13}},"line":376},"52":{"name":"(anonymous_52)","decl":{"start":{"line":386,"column":34},"end":{"line":386,"column":35}},"loc":{"start":{"line":386,"column":40},"end":{"line":400,"column":9}},"line":386},"53":{"name":"(anonymous_53)","decl":{"start":{"line":388,"column":23},"end":{"line":388,"column":24}},"loc":{"start":{"line":388,"column":35},"end":{"line":391,"column":13}},"line":388},"54":{"name":"(anonymous_54)","decl":{"start":{"line":392,"column":71},"end":{"line":392,"column":72}},"loc":{"start":{"line":392,"column":83},"end":{"line":399,"column":13}},"line":392},"55":{"name":"(anonymous_55)","decl":{"start":{"line":403,"column":29},"end":{"line":403,"column":30}},"loc":{"start":{"line":403,"column":35},"end":{"line":481,"column":5}},"line":403},"56":{"name":"(anonymous_56)","decl":{"start":{"line":407,"column":19},"end":{"line":407,"column":20}},"loc":{"start":{"line":407,"column":31},"end":{"line":416,"column":9}},"line":407},"57":{"name":"(anonymous_57)","decl":{"start":{"line":417,"column":42},"end":{"line":417,"column":43}},"loc":{"start":{"line":417,"column":48},"end":{"line":453,"column":9}},"line":417},"58":{"name":"(anonymous_58)","decl":{"start":{"line":418,"column":63},"end":{"line":418,"column":64}},"loc":{"start":{"line":418,"column":75},"end":{"line":434,"column":13}},"line":418},"59":{"name":"(anonymous_59)","decl":{"start":{"line":435,"column":58},"end":{"line":435,"column":59}},"loc":{"start":{"line":435,"column":70},"end":{"line":443,"column":13}},"line":435},"60":{"name":"(anonymous_60)","decl":{"start":{"line":444,"column":83},"end":{"line":444,"column":84}},"loc":{"start":{"line":444,"column":95},"end":{"line":452,"column":13}},"line":444},"61":{"name":"(anonymous_61)","decl":{"start":{"line":454,"column":42},"end":{"line":454,"column":43}},"loc":{"start":{"line":454,"column":48},"end":{"line":480,"column":9}},"line":454},"62":{"name":"(anonymous_62)","decl":{"start":{"line":456,"column":23},"end":{"line":456,"column":24}},"loc":{"start":{"line":456,"column":35},"end":{"line":456,"column":114}},"line":456},"63":{"name":"(anonymous_63)","decl":{"start":{"line":458,"column":49},"end":{"line":458,"column":50}},"loc":{"start":{"line":458,"column":61},"end":{"line":471,"column":13}},"line":458},"64":{"name":"(anonymous_64)","decl":{"start":{"line":472,"column":65},"end":{"line":472,"column":66}},"loc":{"start":{"line":472,"column":77},"end":{"line":479,"column":13}},"line":472},"65":{"name":"(anonymous_65)","decl":{"start":{"line":482,"column":22},"end":{"line":482,"column":23}},"loc":{"start":{"line":482,"column":28},"end":{"line":820,"column":5}},"line":482},"66":{"name":"(anonymous_66)","decl":{"start":{"line":483,"column":36},"end":{"line":483,"column":37}},"loc":{"start":{"line":483,"column":42},"end":{"line":570,"column":9}},"line":483},"67":{"name":"(anonymous_67)","decl":{"start":{"line":487,"column":23},"end":{"line":487,"column":24}},"loc":{"start":{"line":487,"column":35},"end":{"line":523,"column":13}},"line":487},"68":{"name":"(anonymous_68)","decl":{"start":{"line":524,"column":65},"end":{"line":524,"column":66}},"loc":{"start":{"line":524,"column":77},"end":{"line":537,"column":13}},"line":524},"69":{"name":"(anonymous_69)","decl":{"start":{"line":538,"column":79},"end":{"line":538,"column":80}},"loc":{"start":{"line":538,"column":91},"end":{"line":548,"column":13}},"line":538},"70":{"name":"(anonymous_70)","decl":{"start":{"line":549,"column":60},"end":{"line":549,"column":61}},"loc":{"start":{"line":549,"column":72},"end":{"line":558,"column":13}},"line":549},"71":{"name":"(anonymous_71)","decl":{"start":{"line":559,"column":66},"end":{"line":559,"column":67}},"loc":{"start":{"line":559,"column":78},"end":{"line":569,"column":13}},"line":559},"72":{"name":"(anonymous_72)","decl":{"start":{"line":571,"column":36},"end":{"line":571,"column":37}},"loc":{"start":{"line":571,"column":42},"end":{"line":683,"column":9}},"line":571},"73":{"name":"(anonymous_73)","decl":{"start":{"line":576,"column":23},"end":{"line":576,"column":24}},"loc":{"start":{"line":576,"column":35},"end":{"line":616,"column":13}},"line":576},"74":{"name":"(anonymous_74)","decl":{"start":{"line":617,"column":76},"end":{"line":617,"column":77}},"loc":{"start":{"line":617,"column":88},"end":{"line":626,"column":13}},"line":617},"75":{"name":"(anonymous_75)","decl":{"start":{"line":627,"column":80},"end":{"line":627,"column":81}},"loc":{"start":{"line":627,"column":92},"end":{"line":636,"column":13}},"line":627},"76":{"name":"(anonymous_76)","decl":{"start":{"line":637,"column":75},"end":{"line":637,"column":76}},"loc":{"start":{"line":637,"column":87},"end":{"line":645,"column":13}},"line":637},"77":{"name":"(anonymous_77)","decl":{"start":{"line":646,"column":84},"end":{"line":646,"column":85}},"loc":{"start":{"line":646,"column":96},"end":{"line":655,"column":13}},"line":646},"78":{"name":"(anonymous_78)","decl":{"start":{"line":656,"column":73},"end":{"line":656,"column":74}},"loc":{"start":{"line":656,"column":85},"end":{"line":664,"column":13}},"line":656},"79":{"name":"(anonymous_79)","decl":{"start":{"line":665,"column":67},"end":{"line":665,"column":68}},"loc":{"start":{"line":665,"column":79},"end":{"line":673,"column":13}},"line":665},"80":{"name":"(anonymous_80)","decl":{"start":{"line":674,"column":61},"end":{"line":674,"column":62}},"loc":{"start":{"line":674,"column":73},"end":{"line":682,"column":13}},"line":674},"81":{"name":"(anonymous_81)","decl":{"start":{"line":684,"column":33},"end":{"line":684,"column":34}},"loc":{"start":{"line":684,"column":39},"end":{"line":752,"column":9}},"line":684},"82":{"name":"(anonymous_82)","decl":{"start":{"line":690,"column":23},"end":{"line":690,"column":24}},"loc":{"start":{"line":690,"column":35},"end":{"line":732,"column":13}},"line":690},"83":{"name":"(anonymous_83)","decl":{"start":{"line":733,"column":54},"end":{"line":733,"column":55}},"loc":{"start":{"line":733,"column":66},"end":{"line":741,"column":13}},"line":733},"84":{"name":"(anonymous_84)","decl":{"start":{"line":742,"column":77},"end":{"line":742,"column":78}},"loc":{"start":{"line":742,"column":89},"end":{"line":751,"column":13}},"line":742},"85":{"name":"(anonymous_85)","decl":{"start":{"line":753,"column":26},"end":{"line":753,"column":27}},"loc":{"start":{"line":753,"column":32},"end":{"line":819,"column":9}},"line":753},"86":{"name":"(anonymous_86)","decl":{"start":{"line":755,"column":23},"end":{"line":755,"column":24}},"loc":{"start":{"line":755,"column":35},"end":{"line":789,"column":13}},"line":755},"87":{"name":"(anonymous_87)","decl":{"start":{"line":790,"column":76},"end":{"line":790,"column":77}},"loc":{"start":{"line":790,"column":88},"end":{"line":799,"column":13}},"line":790},"88":{"name":"(anonymous_88)","decl":{"start":{"line":800,"column":69},"end":{"line":800,"column":70}},"loc":{"start":{"line":800,"column":81},"end":{"line":808,"column":13}},"line":800},"89":{"name":"(anonymous_89)","decl":{"start":{"line":809,"column":44},"end":{"line":809,"column":45}},"loc":{"start":{"line":809,"column":56},"end":{"line":818,"column":13}},"line":809},"90":{"name":"(anonymous_90)","decl":{"start":{"line":821,"column":25},"end":{"line":821,"column":26}},"loc":{"start":{"line":821,"column":31},"end":{"line":876,"column":5}},"line":821},"91":{"name":"(anonymous_91)","decl":{"start":{"line":823,"column":39},"end":{"line":823,"column":40}},"loc":{"start":{"line":823,"column":45},"end":{"line":874,"column":9}},"line":823},"92":{"name":"(anonymous_92)","decl":{"start":{"line":826,"column":23},"end":{"line":826,"column":24}},"loc":{"start":{"line":826,"column":35},"end":{"line":861,"column":13}},"line":826},"93":{"name":"(anonymous_93)","decl":{"start":{"line":862,"column":90},"end":{"line":862,"column":91}},"loc":{"start":{"line":862,"column":102},"end":{"line":873,"column":13}},"line":862},"94":{"name":"(anonymous_94)","decl":{"start":{"line":877,"column":10},"end":{"line":877,"column":11}},"loc":{"start":{"line":877,"column":22},"end":{"line":877,"column":47}},"line":877}},"branchMap":{},"s":{"0":1,"1":1,"2":1,"3":1,"4":1,"5":1,"6":1,"7":50,"8":50,"9":50,"10":50,"11":50,"12":50,"13":50,"14":1,"15":1,"16":5,"17":5,"18":1,"19":1,"20":1,"21":1,"22":1,"23":1,"24":1,"25":1,"26":1,"27":1,"28":1,"29":1,"30":1,"31":1,"32":1,"33":1,"34":1,"35":1,"36":1,"37":1,"38":1,"39":1,"40":1,"41":1,"42":1,"43":1,"44":1,"45":1,"46":1,"47":1,"48":1,"49":1,"50":1,"51":1,"52":1,"53":1,"54":1,"55":1,"56":5,"57":5,"58":1,"59":1,"60":1,"61":1,"62":1,"63":1,"64":1,"65":1,"66":1,"67":1,"68":1,"69":1,"70":1,"71":1,"72":1,"73":1,"74":1,"75":1,"76":1,"77":1,"78":1,"79":1,"80":1,"81":1,"82":1,"83":1,"84":1,"85":1,"86":1,"87":1,"88":1,"89":1,"90":1,"91":1,"92":1,"93":1,"94":1,"95":18,"96":18,"97":18,"98":18,"99":18,"100":18,"101":18,"102":18,"103":18,"104":18,"105":18,"106":1,"107":1,"108":1,"109":1,"110":1,"111":1,"112":1,"113":1,"114":1,"115":1,"116":1,"117":1,"118":1,"119":1,"120":1,"121":1,"122":1,"123":1,"124":1,"125":1,"126":1,"127":1,"128":1,"129":1,"130":1,"131":1,"132":1,"133":1,"134":1,"135":1,"136":1,"137":1,"138":1,"139":1,"140":1,"141":1,"142":1,"143":1,"144":1,"145":1,"146":1,"147":1,"148":1,"149":1,"150":1,"151":1,"152":1,"153":1,"154":1,"155":1,"156":1,"157":1,"158":1,"159":1,"160":1,"161":1,"162":1,"163":1,"164":1,"165":1,"166":1,"167":1,"168":1,"169":1,"170":1,"171":1,"172":1,"173":1,"174":1,"175":0,"176":0,"177":1,"178":1,"179":4,"180":4,"181":4,"182":1,"183":1,"184":1,"185":1,"186":1,"187":1,"188":1,"189":1,"190":1,"191":1,"192":1,"193":1,"194":1,"195":1,"196":1,"197":1,"198":1,"199":1,"200":1,"201":1,"202":1,"203":1,"204":1,"205":1,"206":4,"207":1,"208":1,"209":1,"210":1,"211":1,"212":1,"213":1,"214":1,"215":1,"216":1,"217":1,"218":1,"219":1,"220":1,"221":1,"222":1,"223":1,"224":1,"225":1,"226":1,"227":1,"228":1,"229":1,"230":1,"231":1,"232":1,"233":1,"234":1,"235":1,"236":1,"237":1,"238":1,"239":1,"240":1,"241":5,"242":5,"243":5,"244":5,"245":5,"246":1,"247":1,"248":1,"249":1,"250":1,"251":1,"252":1,"253":1,"254":1,"255":1,"256":1,"257":1,"258":1,"259":1,"260":1,"261":1,"262":1,"263":1,"264":1,"265":1,"266":1,"267":1,"268":1,"269":1,"270":1,"271":1,"272":1,"273":1,"274":2,"275":1,"276":1,"277":1,"278":1,"279":1,"280":1,"281":1,"282":1,"283":1,"284":1,"285":1,"286":1,"287":1,"288":1,"289":1,"290":1,"291":1,"292":4,"293":4,"294":4,"295":4,"296":4,"297":4,"298":4,"299":4,"300":4,"301":4,"302":4,"303":4,"304":4,"305":4,"306":4,"307":4,"308":4,"309":4,"310":4,"311":4,"312":4,"313":4,"314":4,"315":4,"316":4,"317":4,"318":4,"319":4,"320":4,"321":1,"322":1,"323":1,"324":1,"325":1,"326":1,"327":1,"328":1,"329":1,"330":1,"331":1,"332":1,"333":1,"334":1,"335":1,"336":1,"337":1,"338":1,"339":1,"340":1,"341":1,"342":1,"343":1,"344":1,"345":1,"346":1,"347":1,"348":1,"349":1,"350":1,"351":1,"352":1,"353":1,"354":1,"355":1,"356":7,"357":7,"358":7,"359":7,"360":7,"361":7,"362":7,"363":7,"364":7,"365":7,"366":7,"367":7,"368":7,"369":7,"370":7,"371":7,"372":7,"373":7,"374":7,"375":7,"376":7,"377":7,"378":7,"379":7,"380":7,"381":7,"382":7,"383":7,"384":7,"385":7,"386":1,"387":1,"388":1,"389":1,"390":1,"391":1,"392":1,"393":1,"394":1,"395":1,"396":1,"397":1,"398":1,"399":1,"400":1,"401":1,"402":1,"403":1,"404":0,"405":0,"406":1,"407":1,"408":1,"409":1,"410":1,"411":1,"412":1,"413":1,"414":1,"415":1,"416":1,"417":1,"418":0,"419":0,"420":1,"421":1,"422":1,"423":1,"424":1,"425":1,"426":1,"427":1,"428":1,"429":1,"430":1,"431":1,"432":1,"433":2,"434":2,"435":2,"436":2,"437":2,"438":2,"439":2,"440":2,"441":2,"442":2,"443":2,"444":2,"445":2,"446":2,"447":2,"448":2,"449":2,"450":2,"451":2,"452":2,"453":2,"454":2,"455":2,"456":2,"457":2,"458":2,"459":2,"460":2,"461":2,"462":2,"463":1,"464":1,"465":1,"466":1,"467":1,"468":1,"469":1,"470":1,"471":1,"472":1,"473":1,"474":1,"475":1,"476":1,"477":1,"478":3,"479":3,"480":3,"481":3,"482":3,"483":3,"484":3,"485":3,"486":3,"487":3,"488":3,"489":3,"490":3,"491":3,"492":3,"493":3,"494":3,"495":3,"496":3,"497":3,"498":3,"499":3,"500":3,"501":3,"502":1,"503":1,"504":1,"505":1,"506":1,"507":1,"508":1,"509":1,"510":1,"511":1,"512":1,"513":1,"514":1,"515":1,"516":1,"517":1,"518":1,"519":1,"520":1,"521":1,"522":1,"523":1,"524":1,"525":1,"526":1,"527":1,"528":1,"529":1,"530":1,"531":1,"532":1,"533":1,"534":1,"535":1,"536":1,"537":1,"538":1,"539":1,"540":1,"541":1,"542":1,"543":1,"544":1,"545":1,"546":1,"547":1,"548":1,"549":1,"550":1,"551":1,"552":1,"553":1,"554":1,"555":1,"556":1,"557":1,"558":1,"559":1,"560":1,"561":1},"f":{"0":1,"1":1,"2":50,"3":1,"4":5,"5":1,"6":1,"7":1,"8":1,"9":1,"10":1,"11":1,"12":1,"13":1,"14":1,"15":1,"16":5,"17":1,"18":1,"19":1,"20":1,"21":1,"22":1,"23":1,"24":1,"25":1,"26":1,"27":1,"28":18,"29":1,"30":1,"31":1,"32":1,"33":1,"34":1,"35":1,"36":1,"37":1,"38":1,"39":1,"40":1,"41":4,"42":1,"43":1,"44":1,"45":1,"46":1,"47":4,"48":1,"49":1,"50":1,"51":1,"52":1,"53":1,"54":1,"55":1,"56":5,"57":1,"58":1,"59":1,"60":1,"61":1,"62":2,"63":1,"64":1,"65":1,"66":1,"67":4,"68":1,"69":1,"70":1,"71":1,"72":1,"73":7,"74":1,"75":1,"76":1,"77":1,"78":1,"79":1,"80":1,"81":1,"82":2,"83":1,"84":1,"85":1,"86":3,"87":1,"88":1,"89":1,"90":1,"91":1,"92":1,"93":1,"94":1},"b":{},"_coverageSchema":"43e27e138ebf9cfc5966b082cf9a028302ed4184","hash":"e335b7b238a342dab8ce044bf214d0ded1c3fda2","contentHash":"ec1fcfc39fb0e9e49cf4f8331be4c173872d0da24fff4068069e53ce8fa9eb23"},"C:\\Users\\Bilal El Bedoui\\Documents\\skylab\\bootcamp\\collab\\skylab-bootcamp-201904\\staff\\bilal-elbedoui\\medyes\\medyes-api\\logic\\index.js":{"path":"C:\\Users\\Bilal El Bedoui\\Documents\\skylab\\bootcamp\\collab\\skylab-bootcamp-201904\\staff\\bilal-elbedoui\\medyes\\medyes-api\\logic\\index.js","statementMap":{"0":{"start":{"line":1,"column":38},"end":{"line":1,"column":65}},"1":{"start":{"line":2,"column":15},"end":{"line":2,"column":32}},"2":{"start":{"line":3,"column":135},"end":{"line":3,"column":164}},"3":{"start":{"line":5,"column":104},"end":{"line":5,"column":126}},"4":{"start":{"line":7,"column":14},"end":{"line":550,"column":1}},"5":{"start":{"line":21,"column":26},"end":{"line":21,"column":49}},"6":{"start":{"line":22,"column":8},"end":{"line":22,"column":69}},"7":{"start":{"line":22,"column":19},"end":{"line":22,"column":69}},"8":{"start":{"line":23,"column":8},"end":{"line":23,"column":16}},"9":{"start":{"line":24,"column":8},"end":{"line":39,"column":12}},"10":{"start":{"line":26,"column":25},"end":{"line":26,"column":52}},"11":{"start":{"line":27,"column":12},"end":{"line":27,"column":112}},"12":{"start":{"line":27,"column":44},"end":{"line":27,"column":112}},"13":{"start":{"line":29,"column":12},"end":{"line":37,"column":13}},"14":{"start":{"line":30,"column":37},"end":{"line":32,"column":18}},"15":{"start":{"line":33,"column":16},"end":{"line":33,"column":49}},"16":{"start":{"line":35,"column":16},"end":{"line":36,"column":71}},"17":{"start":{"line":36,"column":20},"end":{"line":36,"column":71}},"18":{"start":{"line":50,"column":8},"end":{"line":52,"column":12}},"19":{"start":{"line":51,"column":12},"end":{"line":51,"column":50}},"20":{"start":{"line":62,"column":8},"end":{"line":64,"column":12}},"21":{"start":{"line":63,"column":12},"end":{"line":63,"column":72}},"22":{"start":{"line":79,"column":26},"end":{"line":79,"column":53}},"23":{"start":{"line":80,"column":8},"end":{"line":80,"column":69}},"24":{"start":{"line":80,"column":19},"end":{"line":80,"column":69}},"25":{"start":{"line":82,"column":8},"end":{"line":94,"column":12}},"26":{"start":{"line":83,"column":25},"end":{"line":83,"column":52}},"27":{"start":{"line":84,"column":12},"end":{"line":84,"column":109}},"28":{"start":{"line":84,"column":44},"end":{"line":84,"column":109}},"29":{"start":{"line":85,"column":12},"end":{"line":93,"column":13}},"30":{"start":{"line":86,"column":34},"end":{"line":88,"column":18}},"31":{"start":{"line":89,"column":16},"end":{"line":89,"column":46}},"32":{"start":{"line":91,"column":16},"end":{"line":92,"column":71}},"33":{"start":{"line":92,"column":20},"end":{"line":92,"column":71}},"34":{"start":{"line":106,"column":8},"end":{"line":108,"column":12}},"35":{"start":{"line":107,"column":12},"end":{"line":107,"column":47}},"36":{"start":{"line":118,"column":8},"end":{"line":120,"column":12}},"37":{"start":{"line":119,"column":12},"end":{"line":119,"column":41}},"38":{"start":{"line":139,"column":26},"end":{"line":139,"column":78}},"39":{"start":{"line":140,"column":8},"end":{"line":140,"column":69}},"40":{"start":{"line":140,"column":19},"end":{"line":140,"column":69}},"41":{"start":{"line":142,"column":8},"end":{"line":158,"column":12}},"42":{"start":{"line":144,"column":25},"end":{"line":144,"column":52}},"43":{"start":{"line":145,"column":12},"end":{"line":145,"column":111}},"44":{"start":{"line":145,"column":44},"end":{"line":145,"column":111}},"45":{"start":{"line":147,"column":22},"end":{"line":147,"column":58}},"46":{"start":{"line":148,"column":12},"end":{"line":148,"column":90}},"47":{"start":{"line":148,"column":21},"end":{"line":148,"column":90}},"48":{"start":{"line":150,"column":12},"end":{"line":157,"column":13}},"49":{"start":{"line":151,"column":16},"end":{"line":151,"column":76}},"50":{"start":{"line":152,"column":16},"end":{"line":152,"column":32}},"51":{"start":{"line":153,"column":16},"end":{"line":153,"column":29}},"52":{"start":{"line":155,"column":16},"end":{"line":156,"column":70}},"53":{"start":{"line":156,"column":20},"end":{"line":156,"column":70}},"54":{"start":{"line":170,"column":8},"end":{"line":175,"column":12}},"55":{"start":{"line":171,"column":25},"end":{"line":171,"column":76}},"56":{"start":{"line":172,"column":12},"end":{"line":172,"column":75}},"57":{"start":{"line":172,"column":23},"end":{"line":172,"column":75}},"58":{"start":{"line":174,"column":12},"end":{"line":174,"column":24}},"59":{"start":{"line":195,"column":26},"end":{"line":195,"column":106}},"60":{"start":{"line":196,"column":8},"end":{"line":196,"column":69}},"61":{"start":{"line":196,"column":19},"end":{"line":196,"column":69}},"62":{"start":{"line":198,"column":8},"end":{"line":234,"column":12}},"63":{"start":{"line":200,"column":23},"end":{"line":200,"column":52}},"64":{"start":{"line":201,"column":12},"end":{"line":201,"column":84}},"65":{"start":{"line":201,"column":22},"end":{"line":201,"column":84}},"66":{"start":{"line":203,"column":12},"end":{"line":233,"column":13}},"67":{"start":{"line":204,"column":27},"end":{"line":204,"column":68}},"68":{"start":{"line":205,"column":16},"end":{"line":205,"column":64}},"69":{"start":{"line":205,"column":27},"end":{"line":205,"column":64}},"70":{"start":{"line":206,"column":29},"end":{"line":206,"column":53}},"71":{"start":{"line":207,"column":29},"end":{"line":207,"column":62}},"72":{"start":{"line":208,"column":16},"end":{"line":218,"column":17}},"73":{"start":{"line":209,"column":20},"end":{"line":209,"column":124}},"74":{"start":{"line":210,"column":20},"end":{"line":210,"column":37}},"75":{"start":{"line":211,"column":20},"end":{"line":211,"column":52}},"76":{"start":{"line":212,"column":20},"end":{"line":212,"column":37}},"77":{"start":{"line":213,"column":20},"end":{"line":213,"column":31}},"78":{"start":{"line":215,"column":20},"end":{"line":217,"column":21}},"79":{"start":{"line":216,"column":24},"end":{"line":216,"column":74}},"80":{"start":{"line":219,"column":19},"end":{"line":233,"column":13}},"81":{"start":{"line":220,"column":29},"end":{"line":220,"column":53}},"82":{"start":{"line":221,"column":29},"end":{"line":221,"column":62}},"83":{"start":{"line":222,"column":16},"end":{"line":230,"column":17}},"84":{"start":{"line":223,"column":20},"end":{"line":223,"column":101}},"85":{"start":{"line":224,"column":20},"end":{"line":224,"column":37}},"86":{"start":{"line":225,"column":20},"end":{"line":225,"column":31}},"87":{"start":{"line":227,"column":20},"end":{"line":229,"column":21}},"88":{"start":{"line":228,"column":24},"end":{"line":228,"column":74}},"89":{"start":{"line":232,"column":16},"end":{"line":232,"column":68}},"90":{"start":{"line":247,"column":26},"end":{"line":247,"column":66}},"91":{"start":{"line":248,"column":8},"end":{"line":248,"column":69}},"92":{"start":{"line":248,"column":19},"end":{"line":248,"column":69}},"93":{"start":{"line":250,"column":8},"end":{"line":267,"column":12}},"94":{"start":{"line":252,"column":23},"end":{"line":252,"column":52}},"95":{"start":{"line":253,"column":12},"end":{"line":253,"column":89}},"96":{"start":{"line":253,"column":23},"end":{"line":253,"column":89}},"97":{"start":{"line":255,"column":34},"end":{"line":255,"column":79}},"98":{"start":{"line":256,"column":12},"end":{"line":256,"column":74}},"99":{"start":{"line":256,"column":32},"end":{"line":256,"column":74}},"100":{"start":{"line":259,"column":12},"end":{"line":265,"column":13}},"101":{"start":{"line":260,"column":16},"end":{"line":260,"column":68}},"102":{"start":{"line":263,"column":16},"end":{"line":263,"column":42}},"103":{"start":{"line":266,"column":12},"end":{"line":266,"column":23}},"104":{"start":{"line":280,"column":8},"end":{"line":290,"column":12}},"105":{"start":{"line":281,"column":23},"end":{"line":281,"column":73}},"106":{"start":{"line":282,"column":12},"end":{"line":282,"column":66}},"107":{"start":{"line":282,"column":23},"end":{"line":282,"column":66}},"108":{"start":{"line":285,"column":12},"end":{"line":285,"column":41}},"109":{"start":{"line":286,"column":12},"end":{"line":286,"column":27}},"110":{"start":{"line":287,"column":12},"end":{"line":287,"column":27}},"111":{"start":{"line":289,"column":12},"end":{"line":289,"column":23}},"112":{"start":{"line":314,"column":8},"end":{"line":314,"column":71}},"113":{"start":{"line":314,"column":20},"end":{"line":314,"column":71}},"114":{"start":{"line":316,"column":26},"end":{"line":316,"column":143}},"115":{"start":{"line":317,"column":8},"end":{"line":317,"column":68}},"116":{"start":{"line":317,"column":19},"end":{"line":317,"column":68}},"117":{"start":{"line":319,"column":8},"end":{"line":353,"column":12}},"118":{"start":{"line":321,"column":23},"end":{"line":321,"column":70}},"119":{"start":{"line":322,"column":24},"end":{"line":322,"column":65}},"120":{"start":{"line":323,"column":23},"end":{"line":323,"column":58}},"121":{"start":{"line":324,"column":23},"end":{"line":324,"column":57}},"122":{"start":{"line":326,"column":12},"end":{"line":352,"column":13}},"123":{"start":{"line":327,"column":16},"end":{"line":349,"column":17}},"124":{"start":{"line":329,"column":20},"end":{"line":340,"column":22}},"125":{"start":{"line":341,"column":20},"end":{"line":341,"column":38}},"126":{"start":{"line":342,"column":20},"end":{"line":342,"column":46}},"127":{"start":{"line":343,"column":20},"end":{"line":343,"column":37}},"128":{"start":{"line":344,"column":20},"end":{"line":344,"column":32}},"129":{"start":{"line":346,"column":20},"end":{"line":348,"column":21}},"130":{"start":{"line":347,"column":24},"end":{"line":347,"column":74}},"131":{"start":{"line":351,"column":16},"end":{"line":351,"column":77}},"132":{"start":{"line":366,"column":8},"end":{"line":366,"column":16}},"133":{"start":{"line":367,"column":8},"end":{"line":397,"column":12}},"134":{"start":{"line":368,"column":12},"end":{"line":368,"column":20}},"135":{"start":{"line":369,"column":12},"end":{"line":373,"column":13}},"136":{"start":{"line":370,"column":31},"end":{"line":370,"column":153}},"137":{"start":{"line":371,"column":16},"end":{"line":371,"column":73}},"138":{"start":{"line":371,"column":29},"end":{"line":371,"column":73}},"139":{"start":{"line":372,"column":16},"end":{"line":372,"column":29}},"140":{"start":{"line":375,"column":12},"end":{"line":375,"column":20}},"141":{"start":{"line":376,"column":12},"end":{"line":396,"column":13}},"142":{"start":{"line":377,"column":31},"end":{"line":377,"column":163}},"143":{"start":{"line":378,"column":31},"end":{"line":380,"column":18}},"144":{"start":{"line":379,"column":20},"end":{"line":379,"column":67}},"145":{"start":{"line":381,"column":16},"end":{"line":381,"column":73}},"146":{"start":{"line":381,"column":29},"end":{"line":381,"column":73}},"147":{"start":{"line":382,"column":16},"end":{"line":382,"column":30}},"148":{"start":{"line":384,"column":17},"end":{"line":396,"column":13}},"149":{"start":{"line":385,"column":16},"end":{"line":385,"column":24}},"150":{"start":{"line":386,"column":31},"end":{"line":386,"column":153}},"151":{"start":{"line":387,"column":31},"end":{"line":389,"column":18}},"152":{"start":{"line":388,"column":20},"end":{"line":388,"column":67}},"153":{"start":{"line":390,"column":16},"end":{"line":390,"column":73}},"154":{"start":{"line":390,"column":29},"end":{"line":390,"column":73}},"155":{"start":{"line":391,"column":16},"end":{"line":391,"column":30}},"156":{"start":{"line":392,"column":19},"end":{"line":396,"column":13}},"157":{"start":{"line":393,"column":31},"end":{"line":393,"column":49}},"158":{"start":{"line":394,"column":16},"end":{"line":394,"column":73}},"159":{"start":{"line":394,"column":29},"end":{"line":394,"column":73}},"160":{"start":{"line":395,"column":16},"end":{"line":395,"column":29}},"161":{"start":{"line":407,"column":8},"end":{"line":414,"column":12}},"162":{"start":{"line":408,"column":26},"end":{"line":408,"column":149}},"163":{"start":{"line":409,"column":12},"end":{"line":409,"column":73}},"164":{"start":{"line":409,"column":24},"end":{"line":409,"column":73}},"165":{"start":{"line":410,"column":12},"end":{"line":412,"column":13}},"166":{"start":{"line":411,"column":16},"end":{"line":411,"column":59}},"167":{"start":{"line":411,"column":42},"end":{"line":411,"column":59}},"168":{"start":{"line":413,"column":12},"end":{"line":413,"column":25}},"169":{"start":{"line":427,"column":8},"end":{"line":427,"column":16}},"170":{"start":{"line":429,"column":8},"end":{"line":443,"column":12}},"171":{"start":{"line":430,"column":12},"end":{"line":430,"column":20}},"172":{"start":{"line":431,"column":24},"end":{"line":431,"column":53}},"173":{"start":{"line":433,"column":12},"end":{"line":442,"column":13}},"174":{"start":{"line":434,"column":16},"end":{"line":434,"column":24}},"175":{"start":{"line":435,"column":16},"end":{"line":435,"column":48}},"176":{"start":{"line":437,"column":31},"end":{"line":437,"column":49}},"177":{"start":{"line":439,"column":16},"end":{"line":439,"column":29}},"178":{"start":{"line":441,"column":16},"end":{"line":441,"column":95}},"179":{"start":{"line":460,"column":8},"end":{"line":460,"column":16}},"180":{"start":{"line":461,"column":8},"end":{"line":487,"column":12}},"181":{"start":{"line":465,"column":12},"end":{"line":471,"column":13}},"182":{"start":{"line":466,"column":16},"end":{"line":466,"column":31}},"183":{"start":{"line":468,"column":16},"end":{"line":468,"column":55}},"184":{"start":{"line":469,"column":16},"end":{"line":469,"column":24}},"185":{"start":{"line":470,"column":16},"end":{"line":470,"column":144}},"186":{"start":{"line":472,"column":12},"end":{"line":472,"column":20}},"187":{"start":{"line":473,"column":25},"end":{"line":473,"column":54}},"188":{"start":{"line":474,"column":24},"end":{"line":474,"column":48}},"189":{"start":{"line":475,"column":23},"end":{"line":480,"column":14}},"190":{"start":{"line":482,"column":12},"end":{"line":482,"column":29}},"191":{"start":{"line":483,"column":12},"end":{"line":483,"column":37}},"192":{"start":{"line":484,"column":12},"end":{"line":484,"column":30}},"193":{"start":{"line":485,"column":12},"end":{"line":485,"column":20}},"194":{"start":{"line":486,"column":12},"end":{"line":486,"column":24}},"195":{"start":{"line":499,"column":8},"end":{"line":502,"column":12}},"196":{"start":{"line":500,"column":26},"end":{"line":500,"column":66}},"197":{"start":{"line":501,"column":12},"end":{"line":501,"column":24}},"198":{"start":{"line":518,"column":26},"end":{"line":518,"column":67}},"199":{"start":{"line":520,"column":8},"end":{"line":520,"column":68}},"200":{"start":{"line":520,"column":19},"end":{"line":520,"column":68}},"201":{"start":{"line":522,"column":8},"end":{"line":548,"column":12}},"202":{"start":{"line":524,"column":26},"end":{"line":524,"column":55}},"203":{"start":{"line":526,"column":12},"end":{"line":526,"column":69}},"204":{"start":{"line":526,"column":52},"end":{"line":526,"column":69}},"205":{"start":{"line":528,"column":29},"end":{"line":533,"column":14}},"206":{"start":{"line":534,"column":12},"end":{"line":547,"column":13}},"207":{"start":{"line":535,"column":31},"end":{"line":535,"column":52}},"208":{"start":{"line":537,"column":32},"end":{"line":537,"column":61}},"209":{"start":{"line":539,"column":16},"end":{"line":539,"column":97}},"210":{"start":{"line":541,"column":16},"end":{"line":541,"column":36}},"211":{"start":{"line":543,"column":16},"end":{"line":543,"column":30}},"212":{"start":{"line":546,"column":16},"end":{"line":546,"column":47}},"213":{"start":{"line":552,"column":0},"end":{"line":552,"column":22}}},"fnMap":{"0":{"name":"(anonymous_0)","decl":{"start":{"line":19,"column":4},"end":{"line":19,"column":5}},"loc":{"start":{"line":19,"column":37},"end":{"line":40,"column":5}},"line":19},"1":{"name":"(anonymous_1)","decl":{"start":{"line":24,"column":16},"end":{"line":24,"column":17}},"loc":{"start":{"line":24,"column":28},"end":{"line":39,"column":9}},"line":24},"2":{"name":"(anonymous_2)","decl":{"start":{"line":49,"column":4},"end":{"line":49,"column":5}},"loc":{"start":{"line":49,"column":20},"end":{"line":53,"column":5}},"line":49},"3":{"name":"(anonymous_3)","decl":{"start":{"line":50,"column":16},"end":{"line":50,"column":17}},"loc":{"start":{"line":50,"column":28},"end":{"line":52,"column":9}},"line":50},"4":{"name":"(anonymous_4)","decl":{"start":{"line":61,"column":4},"end":{"line":61,"column":5}},"loc":{"start":{"line":61,"column":19},"end":{"line":65,"column":5}},"line":61},"5":{"name":"(anonymous_5)","decl":
[...]
(anonymous_37)","decl":{"start":{"line":522,"column":16},"end":{"line":522,"column":17}},"loc":{"start":{"line":522,"column":28},"end":{"line":548,"column":9}},"line":522}},"branchMap":{"0":{"loc":{"start":{"line":22,"column":8},"end":{"line":22,"column":69}},"type":"if","locations":[{"start":{"line":22,"column":8},"end":{"line":22,"column":69}},{"start":{"line":22,"column":8},"end":{"line":22,"column":69}}],"line":22},"1":{"loc":{"start":{"line":27,"column":12},"end":{"line":27,"column":112}},"type":"if","locations":[{"start":{"line":27,"column":12},"end":{"line":27,"column":112}},{"start":{"line":27,"column":12},"end":{"line":27,"column":112}}],"line":27},"2":{"loc":{"start":{"line":80,"column":8},"end":{"line":80,"column":69}},"type":"if","locations":[{"start":{"line":80,"column":8},"end":{"line":80,"column":69}},{"start":{"line":80,"column":8},"end":{"line":80,"column":69}}],"line":80},"3":{"loc":{"start":{"line":84,"column":12},"end":{"line":84,"column":109}},"type":"if","locations":[{"start":{"line":84,"column":12},"end":{"line":84,"column":109}},{"start":{"line":84,"column":12},"end":{"line":84,"column":109}}],"line":84},"4":{"loc":{"start":{"line":140,"column":8},"end":{"line":140,"column":69}},"type":"if","locations":[{"start":{"line":140,"column":8},"end":{"line":140,"column":69}},{"start":{"line":140,"column":8},"end":{"line":140,"column":69}}],"line":140},"5":{"loc":{"start":{"line":145,"column":12},"end":{"line":145,"column":111}},"type":"if","locations":[{"start":{"line":145,"column":12},"end":{"line":145,"column":111}},{"start":{"line":145,"column":12},"end":{"line":145,"column":111}}],"line":145},"6":{"loc":{"start":{"line":148,"column":12},"end":{"line":148,"column":90}},"type":"if","locations":[{"start":{"line":148,"column":12},"end":{"line":148,"column":90}},{"start":{"line":148,"column":12},"end":{"line":148,"column":90}}],"line":148},"7":{"loc":{"start":{"line":172,"column":12},"end":{"line":172,"column":75}},"type":"if","locations":[{"start":{"line":172,"column":12},"end":{"line":172,"column":75}},{"start":{"line":172,"column":12},"end":{"line":172,"column":75}}],"line":172},"8":{"loc":{"start":{"line":196,"column":8},"end":{"line":196,"column":69}},"type":"if","locations":[{"start":{"line":196,"column":8},"end":{"line":196,"column":69}},{"start":{"line":196,"column":8},"end":{"line":196,"column":69}}],"line":196},"9":{"loc":{"start":{"line":201,"column":12},"end":{"line":201,"column":84}},"type":"if","locations":[{"start":{"line":201,"column":12},"end":{"line":201,"column":84}},{"start":{"line":201,"column":12},"end":{"line":201,"column":84}}],"line":201},"10":{"loc":{"start":{"line":203,"column":12},"end":{"line":233,"column":13}},"type":"if","locations":[{"start":{"line":203,"column":12},"end":{"line":233,"column":13}},{"start":{"line":203,"column":12},"end":{"line":233,"column":13}}],"line":203},"11":{"loc":{"start":{"line":205,"column":16},"end":{"line":205,"column":64}},"type":"if","locations":[{"start":{"line":205,"column":16},"end":{"line":205,"column":64}},{"start":{"line":205,"column":16},"end":{"line":205,"column":64}}],"line":205},"12":{"loc":{"start":{"line":219,"column":19},"end":{"line":233,"column":13}},"type":"if","locations":[{"start":{"line":219,"column":19},"end":{"line":233,"column":13}},{"start":{"line":219,"column":19},"end":{"line":233,"column":13}}],"line":219},"13":{"loc":{"start":{"line":219,"column":23},"end":{"line":219,"column":57}},"type":"binary-expr","locations":[{"start":{"line":219,"column":23},"end":{"line":219,"column":40}},{"start":{"line":219,"column":44},"end":{"line":219,"column":57}}],"line":219},"14":{"loc":{"start":{"line":248,"column":8},"end":{"line":248,"column":69}},"type":"if","locations":[{"start":{"line":248,"column":8},"end":{"line":248,"column":69}},{"start":{"line":248,"column":8},"end":{"line":248,"column":69}}],"line":248},"15":{"loc":{"start":{"line":253,"column":12},"end":{"line":253,"column":89}},"type":"if","locations":[{"start":{"line":253,"column":12},"end":{"line":253,"column":89}},{"start":{"line":253,"column":12},"end":{"line":253,"column":89}}],"line":253},"16":{"loc":{"start":{"line":256,"column":12},"end":{"line":256,"column":74}},"type":"if","locations":[{"start":{"line":256,"column":12},"end":{"line":256,"column":74}},{"start":{"line":256,"column":12},"end":{"line":256,"column":74}}],"line":256},"17":{"loc":{"start":{"line":259,"column":12},"end":{"line":265,"column":13}},"type":"if","locations":[{"start":{"line":259,"column":12},"end":{"line":265,"column":13}},{"start":{"line":259,"column":12},"end":{"line":265,"column":13}}],"line":259},"18":{"loc":{"start":{"line":282,"column":12},"end":{"line":282,"column":66}},"type":"if","locations":[{"start":{"line":282,"column":12},"end":{"line":282,"column":66}},{"start":{"line":282,"column":12},"end":{"line":282,"column":66}}],"line":282},"19":{"loc":{"start":{"line":314,"column":8},"end":{"line":314,"column":71}},"type":"if","locations":[{"start":{"line":314,"column":8},"end":{"line":314,"column":71}},{"start":{"line":314,"column":8},"end":{"line":314,"column":71}}],"line":314},"20":{"loc":{"start":{"line":317,"column":8},"end":{"line":317,"column":68}},"type":"if","locations":[{"start":{"line":317,"column":8},"end":{"line":317,"column":68}},{"start":{"line":317,"column":8},"end":{"line":317,"column":68}}],"line":317},"21":{"loc":{"start":{"line":326,"column":12},"end":{"line":352,"column":13}},"type":"if","locations":[{"start":{"line":326,"column":12},"end":{"line":352,"column":13}},{"start":{"line":326,"column":12},"end":{"line":352,"column":13}}],"line":326},"22":{"loc":{"start":{"line":369,"column":12},"end":{"line":373,"column":13}},"type":"if","locations":[{"start":{"line":369,"column":12},"end":{"line":373,"column":13}},{"start":{"line":369,"column":12},"end":{"line":373,"column":13}}],"line":369},"23":{"loc":{"start":{"line":369,"column":16},"end":{"line":369,"column":67}},"type":"binary-expr","locations":[{"start":{"line":369,"column":16},"end":{"line":369,"column":41}},{"start":{"line":369,"column":45},"end":{"line":369,"column":67}}],"line":369},"24":{"loc":{"start":{"line":371,"column":16},"end":{"line":371,"column":73}},"type":"if","locations":[{"start":{"line":371,"column":16},"end":{"line":371,"column":73}},{"start":{"line":371,"column":16},"end":{"line":371,"column":73}}],"line":371},"25":{"loc":{"start":{"line":376,"column":12},"end":{"line":396,"column":13}},"type":"if","locations":[{"start":{"line":376,"column":12},"end":{"line":396,"column":13}},{"start":{"line":376,"column":12},"end":{"line":396,"column":13}}],"line":376},"26":{"loc":{"start":{"line":376,"column":16},"end":{"line":376,"column":55}},"type":"binary-expr","locations":[{"start":{"line":376,"column":16},"end":{"line":376,"column":28}},{"start":{"line":376,"column":32},"end":{"line":376,"column":55}}],"line":376},"27":{"loc":{"start":{"line":381,"column":16},"end":{"line":381,"column":73}},"type":"if","locations":[{"start":{"line":381,"column":16},"end":{"line":381,"column":73}},{"start":{"line":381,"column":16},"end":{"line":381,"column":73}}],"line":381},"28":{"loc":{"start":{"line":384,"column":17},"end":{"line":396,"column":13}},"type":"if","locations":[{"start":{"line":384,"column":17},"end":{"line":396,"column":13}},{"start":{"line":384,"column":17},"end":{"line":396,"column":13}}],"line":384},"29":{"loc":{"start":{"line":390,"column":16},"end":{"line":390,"column":73}},"type":"if","locations":[{"start":{"line":390,"column":16},"end":{"line":390,"column":73}},{"start":{"line":390,"column":16},"end":{"line":390,"column":73}}],"line":390},"30":{"loc":{"start":{"line":392,"column":19},"end":{"line":396,"column":13}},"type":"if","locations":[{"start":{"line":392,"column":19},"end":{"line":396,"column":13}},{"start":{"line":392,"column":19},"end":{"line":396,"column":13}}],"line":392},"31":{"loc":{"start":{"line":392,"column":23},"end":{"line":392,"column":50}},"type":"binary-expr","locations":[{"start":{"line":392,"column":23},"end":{"line":392,"column":36}},{"start":{"line":392,"column":40},"end":{"line":392,"column":50}}],"line":392},"32":{"loc":{"start":{"line":394,"column":16},"end":{"line":394,"column":73}},"type":"if","locations":[{"start":{"line":394,"column":16},"end":{"line":394,"column":73}},{"start":{"line":394,"column":16},"end":{"line":394,"column":73}}],"line":394},"33":{"loc":{"start":{"line":409,"column":12},"end":{"line":409,"column":73}},"type":"if","locations":[{"start":{"line":409,"column":12},"end":{"line":409,"column":73}},{"start":{"line":409,"column":12},"end":{"line":409,"column":73}}],"line":409},"34":{"loc":{"start":{"line":411,"column":16},"end":{"line":411,"column":59}},"type":"if","locations":[{"start":{"line":411,"column":16},"end":{"line":411,"column":59}},{"start":{"line":411,"column":16},"end":{"line":411,"column":59}}],"line":411},"35":{"loc":{"start":{"line":433,"column":12},"end":{"line":442,"column":13}},"type":"if","locations":[{"start":{"line":433,"column":12},"end":{"line":442,"column":13}},{"start":{"line":433,"column":12},"end":{"line":442,"column":13}}],"line":433},"36":{"loc":{"start":{"line":465,"column":12},"end":{"line":471,"column":13}},"type":"if","locations":[{"start":{"line":465,"column":12},"end":{"line":471,"column":13}},{"start":{"line":465,"column":12},"end":{"line":471,"column":13}}],"line":465},"37":{"loc":{"start":{"line":470,"column":16},"end":{"line":470,"column":144}},"type":"cond-expr","locations":[{"start":{"line":470,"column":92},"end":{"line":470,"column":126}},{"start":{"line":470,"column":129},"end":{"line":470,"column":144}}],"line":470},"38":{"loc":{"start":{"line":470,"column":16},"end":{"line":470,"column":89}},"type":"binary-expr","locations":[{"start":{"line":470,"column":16},"end":{"line":470,"column":49}},{"start":{"line":470,"column":53},"end":{"line":470,"column":89}}],"line":470},"39":{"loc":{"start":{"line":520,"column":8},"end":{"line":520,"column":68}},"type":"if","locations":[{"start":{"line":520,"column":8},"end":{"line":520,"column":68}},{"start":{"line":520,"column":8},"end":{"line":520,"column":68}}],"line":520},"40":{"loc":{"start":{"line":526,"column":12},"end":{"line":526,"column":69}},"type":"if","locations":[{"start":{"line":526,"column":12},"end":{"line":526,"column":69}},{"start":{"line":526,"column":12},"end":{"line":526,"column":69}}],"line":526}},"s":{"0":1,"1":1,"2":1,"3":1,"4":1,"5":26,"6":26,"7":1,"8":25,"9":25,"10":25,"11":25,"12":0,"13":25,"14":25,"15":25,"16":1,"17":1,"18":1,"19":1,"20":1,"21":1,"22":26,"23":26,"24":1,"25":25,"26":25,"27":25,"28":0,"29":25,"30":25,"31":25,"32":1,"33":1,"34":1,"35":1,"36":1,"37":1,"38":45,"39":45,"40":0,"41":45,"42":45,"43":45,"44":0,"45":45,"46":45,"47":1,"48":44,"49":44,"50":44,"51":43,"52":1,"53":1,"54":2,"55":2,"56":2,"57":1,"58":1,"59":90,"60":90,"61":1,"62":89,"63":89,"64":89,"65":1,"66":88,"67":25,"68":25,"69":1,"70":24,"71":24,"72":24,"73":24,"74":24,"75":23,"76":23,"77":23,"78":1,"79":1,"80":63,"81":62,"82":62,"83":62,"84":62,"85":62,"86":61,"87":1,"88":1,"89":1,"90":29,"91":29,"92":2,"93":27,"94":27,"95":27,"96":2,"97":25,"98":25,"99":2,"100":23,"101":18,"102":5,"103":23,"104":1,"105":1,"106":1,"107":0,"108":1,"109":1,"110":1,"111":1,"112":17,"113":1,"114":16,"115":16,"116":1,"117":15,"118":15,"119":15,"120":15,"121":15,"122":15,"123":15,"124":15,"125":15,"126":14,"127":14,"128":14,"129":1,"130":1,"131":0,"132":5,"133":5,"134":5,"135":5,"136":0,"137":0,"138":0,"139":0,"140":5,"141":5,"142":4,"143":4,"144":4,"145":4,"146":0,"147":4,"148":1,"149":0,"150":0,"151":0,"152":0,"153":0,"154":0,"155":0,"156":1,"157":1,"158":1,"159":0,"160":1,"161":2,"162":2,"163":2,"164":1,"165":1,"166":12,"167":1,"168":1,"169":2,"170":2,"171":2,"172":2,"173":2,"174":1,"175":1,"176":1,"177":1,"178":1,"179":3,"180":3,"181":3,"182":2,"183":1,"184":1,"185":1,"186":3,"187":3,"188":3,"189":3,"190":3,"191":3,"192":3,"193":3,"194":3,"195":1,"196":1,"197":1,"198":1,"199":1,"200":0,"201":1,"202":1,"203":1,"204":0,"205":1,"206":1,"207":1,"208":1,"209":1,"210":1,"211":1,"212":0,"213":1},"f":{"0":26,"1":25,"2":1,"3":1,"4":1,"5":1,"6":26,"7":25,"8":1,"9":1,"10":1,"11":1,"12":45,"13":45,"14":2,"15":2,"16":90,"17":89,"18":29,"19":27,"20":1,"21":1,"22":17,"23":15,"24":5,"25":5,"26":4,"27":0,"28":2,"29":2,"30":2,"31":2,"32":3,"33":3,"34":1,"35":1,"36":1,"37":1},"b":{"0":[1,25],"1":[0,25],"2":[1,25],"3":[0,25],"4":[0,45],"5":[0,45],"6":[1,44],"7":[1,1],"8":[1,89],"9":[1,88],"10":[25,63],"11":[1,24],"12":[62,1],"13":[63,63],"14":[2,27],"15":[2,25],"16":[2,23],"17":[18,5],"18":[0,1],"19":[1,16],"20":[1,15],"21":[15,0],"22":[0,5],"23":[5,0],"24":[0,0],"25":[4,1],"26":[5,4],"27":[0,4],"28":[0,1],"29":[0,0],"30":[1,0],"31":[1,1],"32":[0,1],"33":[1,1],"34":[1,11],"35":[1,1],"36":[2,1],"37":[1,0],"38":[1,1],"39":[0,1],"40":[0,1]},"_coverageSchema":"43e27e138ebf9cfc5966b082cf9a028302ed4184","hash":"76bc6a88de929a64568fc35ad306b3a953346ba2","contentHash":"b98c84a1ea7880a681fbfde46c6690df221553f38348bce7f5ec67b580d6cee5"},"C:\\Users\\Bilal El Bedoui\\Documents\\skylab\\bootcamp\\collab\\skylab-bootcamp-201904\\staff\\bilal-elbedoui\\medyes\\medyes-api\\common\\errors.js":{"path":"C:\\Users\\Bilal El Bedoui\\Documents\\skylab\\bootcamp\\collab\\skylab-bootcamp-201904\\staff\\bilal-elbedoui\\medyes\\medyes-api\\common\\errors.js","statementMap":{"0":{"start":{"line":5,"column":8},"end":{"line":5,"column":22}},"1":{"start":{"line":11,"column":8},"end":{"line":11,"column":22}},"2":{"start":{"line":17,"column":8},"end":{"line":17,"column":22}},"3":{"start":{"line":23,"column":8},"end":{"line":23,"column":22}},"4":{"start":{"line":29,"column":8},"end":{"line":29,"column":22}},"5":{"start":{"line":35,"column":8},"end":{"line":35,"column":22}},"6":{"start":{"line":41,"column":8},"end":{"line":41,"column":22}},"7":{"start":{"line":47,"column":8},"end":{"line":47,"column":22}},"8":{"start":{"line":53,"column":8},"end":{"line":53,"column":22}},"9":{"start":{"line":59,"column":8},"end":{"line":59,"column":22}},"10":{"start":{"line":65,"column":8},"end":{"line":65,"column":22}},"11":{"start":{"line":71,"column":8},"end":{"line":71,"column":22}},"12":{"start":{"line":75,"column":0},"end":{"line":88,"column":1}}},"fnMap":{"0":{"name":"(anonymous_0)","decl":{"start":{"line":4,"column":4},"end":{"line":4,"column":5}},"loc":{"start":{"line":4,"column":25},"end":{"line":6,"column":5}},"line":4},"1":{"name":"(anonymous_1)","decl":{"start":{"line":10,"column":4},"end":{"line":10,"column":5}},"loc":{"start":{"line":10,"column":25},"end":{"line":12,"column":5}},"line":10},"2":{"name":"(anonymous_2)","decl":{"start":{"line":16,"column":4},"end":{"line":16,"column":5}},"loc":{"start":{"line":16,"column":25},"end":{"line":18,"column":5}},"line":16},"3":{"name":"(anonymous_3)","decl":{"start":{"line":22,"column":4},"end":{"line":22,"column":5}},"loc":{"start":{"line":22,"column":25},"end":{"line":24,"column":5}},"line":22},"4":{"name":"(anonymous_4)","decl":{"start":{"line":28,"column":4},"end":{"line":28,"column":5}},"loc":{"start":{"line":28,"column":25},"end":{"line":30,"column":5}},"line":28},"5":{"name":"(anonymous_5)","decl":{"start":{"line":34,"column":4},"end":{"line":34,"column":5}},"loc":{"start":{"line":34,"column":25},"end":{"line":36,"column":5}},"line":34},"6":{"name":"(anonymous_6)","decl":{"start":{"line":40,"column":4},"end":{"line":40,"column":5}},"loc":{"start":{"line":40,"column":25},"end":{"line":42,"column":5}},"line":40},"7":{"name":"(anonymous_7)","decl":{"start":{"line":46,"column":4},"end":{"line":46,"column":5}},"loc":{"start":{"line":46,"column":25},"end":{"line":48,"column":5}},"line":46},"8":{"name":"(anonymous_8)","decl":{"start":{"line":52,"column":4},"end":{"line":52,"column":5}},"loc":{"start":{"line":52,"column":25},"end":{"line":54,"column":5}},"line":52},"9":{"name":"(anonymous_9)","decl":{"start":{"line":58,"column":4},"end":{"line":58,"column":5}},"loc":{"start":{"line":58,"column":25},"end":{"line":60,"column":5}},"line":58},"10":{"name":"(anonymous_10)","decl":{"start":{"line":64,"column":4},"end":{"line":64,"column":5}},"loc":{"start":{"line":64,"column":25},"end":{"line":66,"column":5}},"line":64},"11":{"name":"(anonymous_11)","decl":{"start":{"line":70,"column":4},"end":{"line":70,"column":5}},"loc":{"start":{"line":70,"column":25},"end":{"line":72,"column":5}},"line":70}},"branchMap":{},"s":{"0":0,"1":0,"2":0,"3":0,"4":0,"5":5,"6":0,"7":0,"8":0,"9":0,"10":0,"11":12,"12":1},"f":{"0":0,"1":0,"2":0,"3":0,"4":0,"5":5,"6":0,"7":0,"8":0,"9":0,"10":0,"11":12},"b":{},"_coverageSchema":"43e27e138ebf9cfc5966b082cf9a028302ed4184","hash":"34a5ae601160aaaae91b1a6b4d108b6b835b43a5","contentHash":"8c16f100173e5a5591a4e3235e34bb1dd785456af15901f1653ed21b0f9edd00"},"C:\\Users\\Bilal El Bedoui\\Documents\\skylab\\bootcamp\\collab\\skylab-bootcamp-201904\\staff\\bilal-elbedoui\\medyes\\medyes-api\\common\\validate\\index.js":{"path":"C:\\Users\\Bilal El Bedoui\\Documents\\skylab\\bootcamp\\collab\\skylab-bootcamp-201904\\staff\\bilal-elbedoui\\medyes\\medyes-api\\common\\validate\\index.js","statementMap":{"0":{"start":{"line":1,"column":12},"end":{"line":1,"column":32}},"1":{"start":{"line":2,"column":27},"end":{"line":2,"column":61}},"2":{"start":{"line":3,"column":0},"end":{"line":3,"column":43}},"3":{"start":{"line":5,"column":17},"end":{"line":19,"column":1}},"4":{"start":{"line":21,"column":13},"end":{"line":30,"column":1}},"5":{"start":{"line":33,"column":4},"end":{"line":33,"column":36}},"6":{"start":{"line":36,"column":20},"end":{"line":39,"column":1}},"7":{"start":{"line":42,"column":4},"end":{"line":42,"column":50}},"8":{"start":{"line":45,"column":21},"end":{"line":50,"column":1}},"9":{"start":{"line":53,"column":4},"end":{"line":53,"column":52}},"10":{"start":{"line":55,"column":14},"end":{"line":66,"column":1}},"11":{"start":{"line":69,"column":4},"end":{"line":69,"column":38}},"12":{"start":{"line":72,"column":18},"end":{"line":74,"column":1}},"13":{"start":{"line":77,"column":4},"end":{"line":77,"column":46}},"14":{"start":{"line":80,"column":21},"end":{"line":82,"column":1}},"15":{"start":{"line":85,"column":4},"end":{"line":85,"column":52}},"16":{"start":{"line":88,"column":17},"end":{"line":91,"column":1}},"17":{"start":{"line":94,"column":4},"end":{"line":94,"column":44}},"18":{"start":{"line":97,"column":0},"end":{"line":105,"column":1}}},"fnMap":{"0":{"name":"validateUser","decl":{"start":{"line":32,"column":9},"end":{"line":32,"column":21}},"loc":{"start":{"line":32,"column":29},"end":{"line":34,"column":1}},"line":32},"1":{"name":"validateCredentials","decl":{"start":{"line":41,"column":9},"end":{"line":41,"column":28}},"loc":{"start":{"line":41,"column":43},"end":{"line":43,"column":1}},"line":41},"2":{"name":"validateOrganization","decl":{"start":{"line":52,"column":9},"end":{"line":52,"column":29}},"loc":{"start":{"line":52,"column":45},"end":{"line":54,"column":1}},"line":52},"3":{"name":"validateEvent","decl":{"start":{"line":68,"column":9},"end":{"line":68,"column":22}},"loc":{"start":{"line":68,"column":31},"end":{"line":70,"column":1}},"line":68},"4":{"name":"validateEventType","decl":{"start":{"line":76,"column":9},"end":{"line":76,"column":26}},"loc":{"start":{"line":76,"column":39},"end":{"line":78,"column":1}},"line":76},"5":{"name":"validateField","decl":{"start":{"line":84,"column":9},"end":{"line":84,"column":22}},"loc":{"start":{"line":84,"column":38},"end":{"line":86,"column":1}},"line":84},"6":{"name":"validatePurchase","decl":{"start":{"line":93,"column":9},"end":{"line":93,"column":25}},"loc":{"start":{"line":93,"column":37},"end":{"line":95,"column":1}},"line":93}},"branchMap":{},"s":{"0":1,"1":1,"2":1,"3":1,"4":1,"5":90,"6":1,"7":29,"8":1,"9":45,"10":1,"11":16,"12":1,"13":26,"14":1,"15":26,"16":1,"17":1,"18":1},"f":{"0":90,"1":29,"2":45,"3":16,"4":26,"5":26,"6":1},"b":{},"_coverageSchema":"43e27e138ebf9cfc5966b082cf9a028302ed4184","hash":"dd4be7f7ae01d45ebed6e255b640395aa531327d","contentHash":"9171ae5c88975889a9f366b7c6bce75720a536bcb99fd5f74952593bf94b37a6"}}